#
# There is insufficient memory for the Java Runtime Environment to continue.
# Native memory allocation (mmap) failed to map 65536 bytes for Failed to commit metaspace.
# Possible reasons:
#   The system is out of physical RAM or swap space
#   The process is running with CompressedOops enabled, and the Java Heap may be blocking the growth of the native heap
# Possible solutions:
#   Reduce memory load on the system
#   Increase physical memory or swap space
#   Check if swap backing store is full
#   Decrease Java heap size (-Xmx/-Xms)
#   Decrease number of Java threads
#   Decrease Java thread stack sizes (-Xss)
#   Set larger code cache with -XX:ReservedCodeCacheSize=
#   JVM is running with Unscaled Compressed Oops mode in which the Java heap is
#     placed in the first 4GB address space. The Java Heap base address is the
#     maximum limit for the native heap growth. Please use -XX:HeapBaseMinAddress
#     to set the Java Heap base and to place the Java Heap above 4GB virtual address.
# This output file may be truncated or incomplete.
#
#  Out of Memory Error (virtualSpaceNode.cpp:110), pid=13752, tid=10988
#
# JRE version: Java(TM) SE Runtime Environment (18.0.2.1+1) (build 18.0.2.1+1-1)
# Java VM: Java HotSpot(TM) 64-Bit Server VM (18.0.2.1+1-1, mixed mode, emulated-client, sharing, tiered, compressed oops, compressed class ptrs, g1 gc, windows-amd64)
# No core dump will be written. Minidumps are not enabled by default on client versions of Windows
#

---------------  S U M M A R Y ------------

Command Line: -XX:TieredStopAtLevel=1 -Dspring.output.ansi.enabled=always -Dcom.sun.management.jmxremote -Dspring.jmx.enabled=true -Dspring.liveBeansView.mbeanDomain -Dspring.application.admin.enabled=true -javaagent:C:\Program Files\JetBrains\IntelliJ IDEA 2022.2.3\lib\idea_rt.jar=64999:C:\Program Files\JetBrains\IntelliJ IDEA 2022.2.3\bin -Dfile.encoding=UTF-8 -Dsun.stdout.encoding=UTF-8 -Dsun.stderr.encoding=UTF-8 com.AsisteciaControl.Asistencia.AsistenciaApplication

Host: Intel(R) Core(TM) i3 CPU       M 370  @ 2.40GHz, 4 cores, 5G,  Windows 10 , 64 bit Build 19041 (10.0.19041.2251)
Time: Sun Dec  4 17:13:03 2022 Hora estándar oeste, Sudamérica elapsed time: 3.335309 seconds (0d 0h 0m 3s)

---------------  T H R E A D  ---------------

Current thread (0x000002631346ce80):  JavaThread "background-preinit" [_thread_in_vm, id=10988, stack(0x0000007ba1500000,0x0000007ba1600000)]

Stack: [0x0000007ba1500000,0x0000007ba1600000]
Native frames: (J=compiled Java code, j=interpreted, Vv=VM code, C=native code)
V  [jvm.dll+0x6993aa]
V  [jvm.dll+0x7f46dd]
V  [jvm.dll+0x7f5fee]
V  [jvm.dll+0x7f66a3]
V  [jvm.dll+0x25cf1f]
V  [jvm.dll+0x7f03eb]
V  [jvm.dll+0x63f526]
V  [jvm.dll+0x1d75ce]
V  [jvm.dll+0x641ecb]
V  [jvm.dll+0x641cce]
V  [jvm.dll+0x63feee]
V  [jvm.dll+0x64a567]
V  [jvm.dll+0x202961]
V  [jvm.dll+0x202e95]
V  [jvm.dll+0x2038cf]
V  [jvm.dll+0x1f8d61]
V  [jvm.dll+0x55dc05]
V  [jvm.dll+0x76e943]
V  [jvm.dll+0x76ea24]
V  [jvm.dll+0x42d7b4]
V  [jvm.dll+0x4334bf]
C  [java.dll+0x17ec]

Java frames: (J=compiled Java code, j=interpreted, Vv=VM code)
J 1129  java.lang.ClassLoader.defineClass1(Ljava/lang/ClassLoader;Ljava/lang/String;[BIILjava/security/ProtectionDomain;Ljava/lang/String;)Ljava/lang/Class; java.base@18.0.2.1 (0 bytes) @ 0x000002630acfd263 [0x000002630acfd1a0+0x00000000000000c3]
J 1283 c1 java.lang.ClassLoader.defineClass(Ljava/lang/String;[BIILjava/security/ProtectionDomain;)Ljava/lang/Class; java.base@18.0.2.1 (43 bytes) @ 0x000002630ad3c3dc [0x000002630ad3c2e0+0x00000000000000fc]
J 1141 c1 jdk.internal.loader.BuiltinClassLoader.defineClass(Ljava/lang/String;Ljdk/internal/loader/Resource;)Ljava/lang/Class; java.base@18.0.2.1 (121 bytes) @ 0x000002630ad07164 [0x000002630ad06ca0+0x00000000000004c4]
J 1128 c1 jdk.internal.loader.BuiltinClassLoader.findClassOnClassPathOrNull(Ljava/lang/String;)Ljava/lang/Class; java.base@18.0.2.1 (64 bytes) @ 0x000002630ad012d4 [0x000002630ad01040+0x0000000000000294]
J 990 c1 jdk.internal.loader.BuiltinClassLoader.loadClassOrNull(Ljava/lang/String;Z)Ljava/lang/Class; java.base@18.0.2.1 (143 bytes) @ 0x000002630acbb10c [0x000002630acbad60+0x00000000000003ac]
J 1047 c1 jdk.internal.loader.ClassLoaders$AppClassLoader.loadClass(Ljava/lang/String;Z)Ljava/lang/Class; java.base@18.0.2.1 (40 bytes) @ 0x000002630acd88fc [0x000002630acd88c0+0x000000000000003c]
J 1042 c1 java.lang.ClassLoader.loadClass(Ljava/lang/String;)Ljava/lang/Class; java.base@18.0.2.1 (7 bytes) @ 0x000002630acd7464 [0x000002630acd7420+0x0000000000000044]
v  ~StubRoutines::call_stub
j  java.lang.Class.getDeclaredConstructors0(Z)[Ljava/lang/reflect/Constructor;+0 java.base@18.0.2.1
j  java.lang.Class.privateGetDeclaredConstructors(Z)[Ljava/lang/reflect/Constructor;+52 java.base@18.0.2.1
j  java.lang.Class.getConstructor0([Ljava/lang/Class;I)Ljava/lang/reflect/Constructor;+14 java.base@18.0.2.1
j  java.lang.Class.getDeclaredConstructor([Ljava/lang/Class;)Ljava/lang/reflect/Constructor;+24 java.base@18.0.2.1
j  org.springframework.beans.BeanUtils.instantiateClass(Ljava/lang/Class;)Ljava/lang/Object;+29
j  org.springframework.http.converter.json.Jackson2ObjectMapperBuilder.registerWellKnownModulesIfAvailable(Lorg/springframework/util/MultiValueMap;)V+46
j  org.springframework.http.converter.json.Jackson2ObjectMapperBuilder.configure(Lcom/fasterxml/jackson/databind/ObjectMapper;)V+53
j  org.springframework.http.converter.json.Jackson2ObjectMapperBuilder.build()Lcom/fasterxml/jackson/databind/ObjectMapper;+87
j  org.springframework.http.converter.json.MappingJackson2HttpMessageConverter.<init>()V+4
j  org.springframework.http.converter.support.AllEncompassingFormHttpMessageConverter.<init>()V+55
j  org.springframework.boot.autoconfigure.BackgroundPreinitializer$MessageConverterInitializer.run()V+4
j  org.springframework.boot.autoconfigure.BackgroundPreinitializer$1.runSafely(Ljava/lang/Runnable;)Z+1
j  org.springframework.boot.autoconfigure.BackgroundPreinitializer$1.run()V+32
j  java.lang.Thread.run()V+11 java.base@18.0.2.1
v  ~StubRoutines::call_stub

---------------  P R O C E S S  ---------------

Threads class SMR info:
_java_thread_list=0x000002631831e860, length=18, elements={
0x000002630309d690, 0x0000026303159780, 0x000002630315b080, 0x00000263133a31b0,
0x00000263133a3e10, 0x00000263133a5f60, 0x00000263133ac080, 0x00000263133b5f10,
0x00000263133ba900, 0x000002631346a800, 0x0000026317831480, 0x000002631346d820,
0x000002631346c4e0, 0x000002631346dcf0, 0x000002631346d350, 0x000002631346acd0,
0x000002631346ce80, 0x0000026318322c30
}

Java Threads: ( => current thread )
  0x000002630309d690 JavaThread "main" [_thread_blocked, id=10760, stack(0x0000007b9fa00000,0x0000007b9fb00000)]
  0x0000026303159780 JavaThread "Reference Handler" daemon [_thread_blocked, id=9704, stack(0x0000007ba0100000,0x0000007ba0200000)]
  0x000002630315b080 JavaThread "Finalizer" daemon [_thread_blocked, id=5060, stack(0x0000007ba0200000,0x0000007ba0300000)]
  0x00000263133a31b0 JavaThread "Signal Dispatcher" daemon [_thread_blocked, id=12524, stack(0x0000007ba0300000,0x0000007ba0400000)]
  0x00000263133a3e10 JavaThread "Attach Listener" daemon [_thread_blocked, id=4452, stack(0x0000007ba0400000,0x0000007ba0500000)]
  0x00000263133a5f60 JavaThread "Service Thread" daemon [_thread_blocked, id=2848, stack(0x0000007ba0500000,0x0000007ba0600000)]
  0x00000263133ac080 JavaThread "Monitor Deflation Thread" daemon [_thread_blocked, id=11232, stack(0x0000007ba0600000,0x0000007ba0700000)]
  0x00000263133b5f10 JavaThread "C1 CompilerThread0" daemon [_thread_blocked, id=14476, stack(0x0000007ba0700000,0x0000007ba0800000)]
  0x00000263133ba900 JavaThread "Sweeper thread" daemon [_thread_blocked, id=5416, stack(0x0000007ba0800000,0x0000007ba0900000)]
  0x000002631346a800 JavaThread "Common-Cleaner" daemon [_thread_blocked, id=3260, stack(0x0000007ba0900000,0x0000007ba0a00000)]
  0x0000026317831480 JavaThread "C1 CompilerThread1" daemon [_thread_blocked, id=852, stack(0x0000007ba0a00000,0x0000007ba0b00000)]
  0x000002631346d820 JavaThread "Monitor Ctrl-Break" daemon [_thread_in_native, id=4552, stack(0x0000007ba0b00000,0x0000007ba0c00000)]
  0x000002631346c4e0 JavaThread "Notification Thread" daemon [_thread_blocked, id=7916, stack(0x0000007ba0c00000,0x0000007ba0d00000)]
  0x000002631346dcf0 JavaThread "RMI TCP Accept-0" daemon [_thread_in_native, id=4384, stack(0x0000007ba0d00000,0x0000007ba0e00000)]
  0x000002631346d350 JavaThread "Thread-0" [_thread_blocked, id=4996, stack(0x0000007ba1300000,0x0000007ba1400000)]
  0x000002631346acd0 JavaThread "restartedMain" [_thread_in_vm, id=14320, stack(0x0000007ba1400000,0x0000007ba1500000)]
=>0x000002631346ce80 JavaThread "background-preinit" [_thread_in_vm, id=10988, stack(0x0000007ba1500000,0x0000007ba1600000)]
  0x0000026318322c30 JavaThread "C1 CompilerThread2" daemon [_thread_blocked, id=13120, stack(0x0000007ba1600000,0x0000007ba1700000)]

Other Threads:
  0x0000026303153fd0 VMThread "VM Thread" [stack: 0x0000007ba0000000,0x0000007ba0100000] [id=7728]
  0x0000026317d13610 WatcherThread "VM Periodic Task Thread" [stack: 0x0000007ba0e00000,0x0000007ba0f00000] [id=9640]
  0x00000263030ed3a0 WorkerThread "GC Thread#0" [stack: 0x0000007b9fb00000,0x0000007b9fc00000] [id=11224]
  0x0000026317ea9e60 WorkerThread "GC Thread#1" [stack: 0x0000007ba0f00000,0x0000007ba1000000] [id=8632]
  0x0000026317eead80 WorkerThread "GC Thread#2" [stack: 0x0000007ba1000000,0x0000007ba1100000] [id=2356]
  0x0000026317eeb020 WorkerThread "GC Thread#3" [stack: 0x0000007ba1100000,0x0000007ba1200000] [id=13824]
  0x00000263030f9c90 ConcurrentGCThread "G1 Main Marker" [stack: 0x0000007b9fc00000,0x0000007b9fd00000] [id=9520]
  0x00000263030fbe30 WorkerThread "G1 Conc#0" [stack: 0x0000007b9fd00000,0x0000007b9fe00000] [id=5528]
  0x000002630312e580 ConcurrentGCThread "G1 Refine#0" [stack: 0x0000007b9fe00000,0x0000007b9ff00000] [id=5792]
  0x00000263178b8ba0 ConcurrentGCThread "G1 Refine#1" [stack: 0x0000007ba1200000,0x0000007ba1300000] [id=1704]
  0x000002630312ee90 ConcurrentGCThread "G1 Service" [stack: 0x0000007b9ff00000,0x0000007ba0000000] [id=7124]

Threads with active compile tasks:

VM state: not at safepoint (normal execution)

VM Mutex/Monitor currently owned by a thread:  ([mutex/lock_event])
[0x0000026303096710] Metaspace_lock - owner thread: 0x000002631346ce80

Heap address: 0x00000000a3200000, size: 1486 MB, Compressed Oops mode: 32-bit

CDS archive(s) mapped at: [0x0000000800000000-0x0000000800ba0000-0x0000000800ba0000), size 12189696, SharedBaseAddress: 0x0000000800000000, ArchiveRelocationMode: 0.
Compressed class space mapped at: 0x0000000800c00000-0x0000000840c00000, reserved size: 1073741824
Narrow klass base: 0x0000000800000000, Narrow klass shift: 0, Narrow klass range: 0x100000000

GC Precious Log:
 CardTable entry size: 512
 Card Set container configuration: InlinePtr #cards 5 size 8 Array Of Cards #cards 12 size 40 Howl #buckets 4 coarsen threshold 1843 Howl Bitmap #cards 512 size 80 coarsen threshold 460 Card regions per heap region 1 cards per card region 2048
 CPUs: 4 total, 4 available
 Memory: 5941M
 Large Page Support: Disabled
 NUMA Support: Disabled
 Compressed Oops: Enabled (32-bit)
 Heap Region Size: 1M
 Heap Min Capacity: 8M
 Heap Initial Capacity: 94M
 Heap Max Capacity: 1486M
 Pre-touch: Disabled
 Parallel Workers: 4
 Concurrent Workers: 1
 Concurrent Refinement Workers: 4
 Periodic GC: Disabled

Heap:
 garbage-first heap   total 96256K, used 25195K [0x00000000a3200000, 0x0000000100000000)
  region size 1024K, 21 young (21504K), 3 survivors (3072K)
 Metaspace       used 16584K, committed 16896K, reserved 1114112K
  class space    used 2122K, committed 2304K, reserved 1048576K

Heap Regions: E=young(eden), S=young(survivor), O=old, HS=humongous(starts), HC=humongous(continues), CS=collection set, F=free, OA=open archive, CA=closed archive, TAMS=top-at-mark-start (previous, next)
|   0|0x00000000a3200000, 0x00000000a3300000, 0x00000000a3300000|100%|HS|  |TAMS 0x00000000a3200000, 0x00000000a3200000| Complete 
|   1|0x00000000a3300000, 0x00000000a3400000, 0x00000000a3400000|100%| O|  |TAMS 0x00000000a3300000, 0x00000000a3300000| Untracked 
|   2|0x00000000a3400000, 0x00000000a3500000, 0x00000000a3500000|100%| O|  |TAMS 0x00000000a3400000, 0x00000000a3400000| Untracked 
|   3|0x00000000a3500000, 0x00000000a3600000, 0x00000000a3600000|100%| O|  |TAMS 0x00000000a3500000, 0x00000000a3500000| Untracked 
|   4|0x00000000a3600000, 0x00000000a3700000, 0x00000000a3700000|100%| O|  |TAMS 0x00000000a3600000, 0x00000000a3600000| Untracked 
|   5|0x00000000a3700000, 0x00000000a3800000, 0x00000000a3800000|100%| O|  |TAMS 0x00000000a3700000, 0x00000000a3700000| Untracked 
|   6|0x00000000a3800000, 0x00000000a388da00, 0x00000000a3900000| 55%| O|  |TAMS 0x00000000a3800000, 0x00000000a3800000| Untracked 
|   7|0x00000000a3900000, 0x00000000a3900000, 0x00000000a3a00000|  0%| F|  |TAMS 0x00000000a3900000, 0x00000000a3900000| Untracked 
|   8|0x00000000a3a00000, 0x00000000a3a00000, 0x00000000a3b00000|  0%| F|  |TAMS 0x00000000a3a00000, 0x00000000a3a00000| Untracked 
|   9|0x00000000a3b00000, 0x00000000a3b00000, 0x00000000a3c00000|  0%| F|  |TAMS 0x00000000a3b00000, 0x00000000a3b00000| Untracked 
|  10|0x00000000a3c00000, 0x00000000a3c00000, 0x00000000a3d00000|  0%| F|  |TAMS 0x00000000a3c00000, 0x00000000a3c00000| Untracked 
|  11|0x00000000a3d00000, 0x00000000a3d00000, 0x00000000a3e00000|  0%| F|  |TAMS 0x00000000a3d00000, 0x00000000a3d00000| Untracked 
|  12|0x00000000a3e00000, 0x00000000a3e00000, 0x00000000a3f00000|  0%| F|  |TAMS 0x00000000a3e00000, 0x00000000a3e00000| Untracked 
|  13|0x00000000a3f00000, 0x00000000a3f00000, 0x00000000a4000000|  0%| F|  |TAMS 0x00000000a3f00000, 0x00000000a3f00000| Untracked 
|  14|0x00000000a4000000, 0x00000000a4000000, 0x00000000a4100000|  0%| F|  |TAMS 0x00000000a4000000, 0x00000000a4000000| Untracked 
|  15|0x00000000a4100000, 0x00000000a4100000, 0x00000000a4200000|  0%| F|  |TAMS 0x00000000a4100000, 0x00000000a4100000| Untracked 
|  16|0x00000000a4200000, 0x00000000a4200000, 0x00000000a4300000|  0%| F|  |TAMS 0x00000000a4200000, 0x00000000a4200000| Untracked 
|  17|0x00000000a4300000, 0x00000000a4300000, 0x00000000a4400000|  0%| F|  |TAMS 0x00000000a4300000, 0x00000000a4300000| Untracked 
|  18|0x00000000a4400000, 0x00000000a4400000, 0x00000000a4500000|  0%| F|  |TAMS 0x00000000a4400000, 0x00000000a4400000| Untracked 
|  19|0x00000000a4500000, 0x00000000a4500000, 0x00000000a4600000|  0%| F|  |TAMS 0x00000000a4500000, 0x00000000a4500000| Untracked 
|  20|0x00000000a4600000, 0x00000000a4600000, 0x00000000a4700000|  0%| F|  |TAMS 0x00000000a4600000, 0x00000000a4600000| Untracked 
|  21|0x00000000a4700000, 0x00000000a4700000, 0x00000000a4800000|  0%| F|  |TAMS 0x00000000a4700000, 0x00000000a4700000| Untracked 
|  22|0x00000000a4800000, 0x00000000a4800000, 0x00000000a4900000|  0%| F|  |TAMS 0x00000000a4800000, 0x00000000a4800000| Untracked 
|  23|0x00000000a4900000, 0x00000000a4900000, 0x00000000a4a00000|  0%| F|  |TAMS 0x00000000a4900000, 0x00000000a4900000| Untracked 
|  24|0x00000000a4a00000, 0x00000000a4a00000, 0x00000000a4b00000|  0%| F|  |TAMS 0x00000000a4a00000, 0x00000000a4a00000| Untracked 
|  25|0x00000000a4b00000, 0x00000000a4b00000, 0x00000000a4c00000|  0%| F|  |TAMS 0x00000000a4b00000, 0x00000000a4b00000| Untracked 
|  26|0x00000000a4c00000, 0x00000000a4c00000, 0x00000000a4d00000|  0%| F|  |TAMS 0x00000000a4c00000, 0x00000000a4c00000| Untracked 
|  27|0x00000000a4d00000, 0x00000000a4d00000, 0x00000000a4e00000|  0%| F|  |TAMS 0x00000000a4d00000, 0x00000000a4d00000| Untracked 
|  28|0x00000000a4e00000, 0x00000000a4e00000, 0x00000000a4f00000|  0%| F|  |TAMS 0x00000000a4e00000, 0x00000000a4e00000| Untracked 
|  29|0x00000000a4f00000, 0x00000000a4f00000, 0x00000000a5000000|  0%| F|  |TAMS 0x00000000a4f00000, 0x00000000a4f00000| Untracked 
|  30|0x00000000a5000000, 0x00000000a5000000, 0x00000000a5100000|  0%| F|  |TAMS 0x00000000a5000000, 0x00000000a5000000| Untracked 
|  31|0x00000000a5100000, 0x00000000a5100000, 0x00000000a5200000|  0%| F|  |TAMS 0x00000000a5100000, 0x00000000a5100000| Untracked 
|  32|0x00000000a5200000, 0x00000000a5200000, 0x00000000a5300000|  0%| F|  |TAMS 0x00000000a5200000, 0x00000000a5200000| Untracked 
|  33|0x00000000a5300000, 0x00000000a5300000, 0x00000000a5400000|  0%| F|  |TAMS 0x00000000a5300000, 0x00000000a5300000| Untracked 
|  34|0x00000000a5400000, 0x00000000a5400000, 0x00000000a5500000|  0%| F|  |TAMS 0x00000000a5400000, 0x00000000a5400000| Untracked 
|  35|0x00000000a5500000, 0x00000000a5500000, 0x00000000a5600000|  0%| F|  |TAMS 0x00000000a5500000, 0x00000000a5500000| Untracked 
|  36|0x00000000a5600000, 0x00000000a5600000, 0x00000000a5700000|  0%| F|  |TAMS 0x00000000a5600000, 0x00000000a5600000| Untracked 
|  37|0x00000000a5700000, 0x00000000a5700000, 0x00000000a5800000|  0%| F|  |TAMS 0x00000000a5700000, 0x00000000a5700000| Untracked 
|  38|0x00000000a5800000, 0x00000000a5800000, 0x00000000a5900000|  0%| F|  |TAMS 0x00000000a5800000, 0x00000000a5800000| Untracked 
|  39|0x00000000a5900000, 0x00000000a5900000, 0x00000000a5a00000|  0%| F|  |TAMS 0x00000000a5900000, 0x00000000a5900000| Untracked 
|  40|0x00000000a5a00000, 0x00000000a5a00000, 0x00000000a5b00000|  0%| F|  |TAMS 0x00000000a5a00000, 0x00000000a5a00000| Untracked 
|  41|0x00000000a5b00000, 0x00000000a5b00000, 0x00000000a5c00000|  0%| F|  |TAMS 0x00000000a5b00000, 0x00000000a5b00000| Untracked 
|  42|0x00000000a5c00000, 0x00000000a5c00000, 0x00000000a5d00000|  0%| F|  |TAMS 0x00000000a5c00000, 0x00000000a5c00000| Untracked 
|  43|0x00000000a5d00000, 0x00000000a5d00000, 0x00000000a5e00000|  0%| F|  |TAMS 0x00000000a5d00000, 0x00000000a5d00000| Untracked 
|  44|0x00000000a5e00000, 0x00000000a5e00000, 0x00000000a5f00000|  0%| F|  |TAMS 0x00000000a5e00000, 0x00000000a5e00000| Untracked 
|  45|0x00000000a5f00000, 0x00000000a5f00000, 0x00000000a6000000|  0%| F|  |TAMS 0x00000000a5f00000, 0x00000000a5f00000| Untracked 
|  46|0x00000000a6000000, 0x00000000a6000000, 0x00000000a6100000|  0%| F|  |TAMS 0x00000000a6000000, 0x00000000a6000000| Untracked 
|  47|0x00000000a6100000, 0x00000000a6100000, 0x00000000a6200000|  0%| F|  |TAMS 0x00000000a6100000, 0x00000000a6100000| Untracked 
|  48|0x00000000a6200000, 0x00000000a6200000, 0x00000000a6300000|  0%| F|  |TAMS 0x00000000a6200000, 0x00000000a6200000| Untracked 
|  49|0x00000000a6300000, 0x00000000a6300000, 0x00000000a6400000|  0%| F|  |TAMS 0x00000000a6300000, 0x00000000a6300000| Untracked 
|  50|0x00000000a6400000, 0x00000000a6400000, 0x00000000a6500000|  0%| F|  |TAMS 0x00000000a6400000, 0x00000000a6400000| Untracked 
|  51|0x00000000a6500000, 0x00000000a6500000, 0x00000000a6600000|  0%| F|  |TAMS 0x00000000a6500000, 0x00000000a6500000| Untracked 
|  52|0x00000000a6600000, 0x00000000a6600000, 0x00000000a6700000|  0%| F|  |TAMS 0x00000000a6600000, 0x00000000a6600000| Untracked 
|  53|0x00000000a6700000, 0x00000000a6700000, 0x00000000a6800000|  0%| F|  |TAMS 0x00000000a6700000, 0x00000000a6700000| Untracked 
|  54|0x00000000a6800000, 0x00000000a6800000, 0x00000000a6900000|  0%| F|  |TAMS 0x00000000a6800000, 0x00000000a6800000| Untracked 
|  55|0x00000000a6900000, 0x00000000a6900000, 0x00000000a6a00000|  0%| F|  |TAMS 0x00000000a6900000, 0x00000000a6900000| Untracked 
|  56|0x00000000a6a00000, 0x00000000a6a00000, 0x00000000a6b00000|  0%| F|  |TAMS 0x00000000a6a00000, 0x00000000a6a00000| Untracked 
|  57|0x00000000a6b00000, 0x00000000a6b00000, 0x00000000a6c00000|  0%| F|  |TAMS 0x00000000a6b00000, 0x00000000a6b00000| Untracked 
|  58|0x00000000a6c00000, 0x00000000a6c00000, 0x00000000a6d00000|  0%| F|  |TAMS 0x00000000a6c00000, 0x00000000a6c00000| Untracked 
|  59|0x00000000a6d00000, 0x00000000a6d00000, 0x00000000a6e00000|  0%| F|  |TAMS 0x00000000a6d00000, 0x00000000a6d00000| Untracked 
|  60|0x00000000a6e00000, 0x00000000a6e00000, 0x00000000a6f00000|  0%| F|  |TAMS 0x00000000a6e00000, 0x00000000a6e00000| Untracked 
|  61|0x00000000a6f00000, 0x00000000a6f00000, 0x00000000a7000000|  0%| F|  |TAMS 0x00000000a6f00000, 0x00000000a6f00000| Untracked 
|  62|0x00000000a7000000, 0x00000000a7000000, 0x00000000a7100000|  0%| F|  |TAMS 0x00000000a7000000, 0x00000000a7000000| Untracked 
|  63|0x00000000a7100000, 0x00000000a7100000, 0x00000000a7200000|  0%| F|  |TAMS 0x00000000a7100000, 0x00000000a7100000| Untracked 
|  64|0x00000000a7200000, 0x00000000a7200000, 0x00000000a7300000|  0%| F|  |TAMS 0x00000000a7200000, 0x00000000a7200000| Untracked 
|  65|0x00000000a7300000, 0x00000000a7300000, 0x00000000a7400000|  0%| F|  |TAMS 0x00000000a7300000, 0x00000000a7300000| Untracked 
|  66|0x00000000a7400000, 0x00000000a740d390, 0x00000000a7500000|  5%| S|CS|TAMS 0x00000000a7400000, 0x00000000a7400000| Complete 
|  67|0x00000000a7500000, 0x00000000a7600000, 0x00000000a7600000|100%| S|CS|TAMS 0x00000000a7500000, 0x00000000a7500000| Complete 
|  68|0x00000000a7600000, 0x00000000a7700000, 0x00000000a7700000|100%| S|CS|TAMS 0x00000000a7600000, 0x00000000a7600000| Complete 
|  69|0x00000000a7700000, 0x00000000a7700000, 0x00000000a7800000|  0%| F|  |TAMS 0x00000000a7700000, 0x00000000a7700000| Untracked 
|  70|0x00000000a7800000, 0x00000000a7800000, 0x00000000a7900000|  0%| F|  |TAMS 0x00000000a7800000, 0x00000000a7800000| Untracked 
|  71|0x00000000a7900000, 0x00000000a7900000, 0x00000000a7a00000|  0%| F|  |TAMS 0x00000000a7900000, 0x00000000a7900000| Untracked 
|  72|0x00000000a7a00000, 0x00000000a7a00000, 0x00000000a7b00000|  0%| F|  |TAMS 0x00000000a7a00000, 0x00000000a7a00000| Untracked 
|  73|0x00000000a7b00000, 0x00000000a7b00000, 0x00000000a7c00000|  0%| F|  |TAMS 0x00000000a7b00000, 0x00000000a7b00000| Untracked 
|  74|0x00000000a7c00000, 0x00000000a7c00000, 0x00000000a7d00000|  0%| F|  |TAMS 0x00000000a7c00000, 0x00000000a7c00000| Untracked 
|  75|0x00000000a7d00000, 0x00000000a7d00000, 0x00000000a7e00000|  0%| F|  |TAMS 0x00000000a7d00000, 0x00000000a7d00000| Untracked 
|  76|0x00000000a7e00000, 0x00000000a7e18eb0, 0x00000000a7f00000|  9%| E|  |TAMS 0x00000000a7e00000, 0x00000000a7e00000| Complete 
|  77|0x00000000a7f00000, 0x00000000a8000000, 0x00000000a8000000|100%| E|CS|TAMS 0x00000000a7f00000, 0x00000000a7f00000| Complete 
|  78|0x00000000a8000000, 0x00000000a8100000, 0x00000000a8100000|100%| E|CS|TAMS 0x00000000a8000000, 0x00000000a8000000| Complete 
|  79|0x00000000a8100000, 0x00000000a8200000, 0x00000000a8200000|100%| E|CS|TAMS 0x00000000a8100000, 0x00000000a8100000| Complete 
|  80|0x00000000a8200000, 0x00000000a8300000, 0x00000000a8300000|100%| E|CS|TAMS 0x00000000a8200000, 0x00000000a8200000| Complete 
|  81|0x00000000a8300000, 0x00000000a8400000, 0x00000000a8400000|100%| E|CS|TAMS 0x00000000a8300000, 0x00000000a8300000| Complete 
|  82|0x00000000a8400000, 0x00000000a8500000, 0x00000000a8500000|100%| E|CS|TAMS 0x00000000a8400000, 0x00000000a8400000| Complete 
|  83|0x00000000a8500000, 0x00000000a8600000, 0x00000000a8600000|100%| E|CS|TAMS 0x00000000a8500000, 0x00000000a8500000| Complete 
|  84|0x00000000a8600000, 0x00000000a8700000, 0x00000000a8700000|100%| E|CS|TAMS 0x00000000a8600000, 0x00000000a8600000| Complete 
|  85|0x00000000a8700000, 0x00000000a8800000, 0x00000000a8800000|100%| E|CS|TAMS 0x00000000a8700000, 0x00000000a8700000| Complete 
|  86|0x00000000a8800000, 0x00000000a8900000, 0x00000000a8900000|100%| E|CS|TAMS 0x00000000a8800000, 0x00000000a8800000| Complete 
|  87|0x00000000a8900000, 0x00000000a8a00000, 0x00000000a8a00000|100%| E|CS|TAMS 0x00000000a8900000, 0x00000000a8900000| Complete 
|  88|0x00000000a8a00000, 0x00000000a8afff28, 0x00000000a8b00000| 99%| E|  |TAMS 0x00000000a8a00000, 0x00000000a8a00000| Complete 
|  89|0x00000000a8b00000, 0x00000000a8c00000, 0x00000000a8c00000|100%| E|CS|TAMS 0x00000000a8b00000, 0x00000000a8b00000| Complete 
|  90|0x00000000a8c00000, 0x00000000a8d00000, 0x00000000a8d00000|100%| E|CS|TAMS 0x00000000a8c00000, 0x00000000a8c00000| Complete 
|  91|0x00000000a8d00000, 0x00000000a8e00000, 0x00000000a8e00000|100%| E|CS|TAMS 0x00000000a8d00000, 0x00000000a8d00000| Complete 
|  92|0x00000000a8e00000, 0x00000000a8f00000, 0x00000000a8f00000|100%| E|CS|TAMS 0x00000000a8e00000, 0x00000000a8e00000| Complete 
|  93|0x00000000a8f00000, 0x00000000a9000000, 0x00000000a9000000|100%| E|CS|TAMS 0x00000000a8f00000, 0x00000000a8f00000| Complete 

Card table byte_map: [0x000002630d9d0000,0x000002630dcc0000] _byte_map_base: 0x000002630d4b7000

Marking Bits (Prev, Next): (CMBitMap*) 0x00000263030ed9a0, (CMBitMap*) 0x00000263030ed9e0
 Prev Bits: [0x000002630dfb0000, 0x000002630f6e8000)
 Next Bits: [0x000002630f6f0000, 0x0000026310e28000)

Polling page: 0x0000026301080000

Metaspace:

Usage:
  Non-class:     14.12 MB used.
      Class:      2.07 MB used.
       Both:     16.20 MB used.

Virtual space:
  Non-class space:       64.00 MB reserved,      14.25 MB ( 22%) committed,  1 nodes.
      Class space:        1.00 GB reserved,       2.25 MB ( <1%) committed,  1 nodes.
             Both:        1.06 GB reserved,      16.50 MB (  2%) committed. 

Chunk freelists:
   Non-Class:  1.36 MB
       Class:  1.61 MB
        Both:  2.97 MB

MaxMetaspaceSize: unlimited
CompressedClassSpaceSize: 1.00 GB
Initial GC threshold: 21.00 MB
Current GC threshold: 21.00 MB
CDS: on
MetaspaceReclaimPolicy: balanced
 - commit_granule_bytes: 65536.
 - commit_granule_words: 8192.
 - virtual_space_node_default_size: 8388608.
 - enlarge_chunks_in_place: 1.
 - new_chunks_are_fully_committed: 0.
 - uncommit_free_chunks: 1.
 - use_allocation_guard: 0.


Internal statistics:

num_allocs_failed_limit: 0.
num_arena_births: 246.
num_arena_deaths: 0.
num_vsnodes_births: 2.
num_vsnodes_deaths: 0.
num_space_committed: 264.
num_space_uncommitted: 0.
num_chunks_returned_to_freelist: 0.
num_chunks_taken_from_freelist: 689.
num_chunk_merges: 0.
num_chunk_splits: 496.
num_chunks_enlarged: 394.
num_inconsistent_stats: 0.

CodeCache: size=49152Kb used=5371Kb max_used=5371Kb free=43780Kb
 bounds [0x000002630a9d0000, 0x000002630af10000, 0x000002630d9d0000]
 total_blobs=2576 nmethods=2099 adapters=403
 compilation: enabled
              stopped_count=0, restarted_count=0
 full_count=0

Compilation events (20 events):
Event: 3.299 Thread 0x0000026317831480 2090       1       java.lang.Character::codePointAt (51 bytes)
Event: 3.299 Thread 0x0000026317831480 nmethod 2090 0x000002630af0bf10 code [0x000002630af0c0c0, 0x000002630af0c2c8]
Event: 3.300 Thread 0x0000026318322c30 2091       1       java.util.ArrayDeque::<init> (35 bytes)
Event: 3.300 Thread 0x0000026317831480 2092       1       org.springframework.util.AntPathMatcher::isWildcardChar (38 bytes)
Event: 3.300 Thread 0x0000026318322c30 nmethod 2091 0x000002630af0c390 code [0x000002630af0c520, 0x000002630af0c6f8]
Event: 3.300 Thread 0x0000026317831480 nmethod 2092 0x000002630af0c790 code [0x000002630af0c920, 0x000002630af0ca58]
Event: 3.301 Thread 0x00000263133b5f10 2093       1       org.springframework.util.StringUtils::replace (130 bytes)
Event: 3.302 Thread 0x0000026317831480 2094       1       java.util.regex.Pattern::lambda$ALL$10 (2 bytes)
Event: 3.302 Thread 0x0000026317831480 nmethod 2094 0x000002630af0cb10 code [0x000002630af0cca0, 0x000002630af0cd58]
Event: 3.302 Thread 0x00000263133b5f10 nmethod 2093 0x000002630af0ce10 code [0x000002630af0d040, 0x000002630af0d638]
Event: 3.303 Thread 0x00000263133b5f10 2095       1       java.util.regex.Pattern$$Lambda$359/0x0000000800e42350::is (5 bytes)
Event: 3.304 Thread 0x0000026318322c30 2096       1       java.util.ArrayDeque::addFirst (51 bytes)
Event: 3.304 Thread 0x00000263133b5f10 nmethod 2095 0x000002630af0db90 code [0x000002630af0dd20, 0x000002630af0ddf8]
Event: 3.304 Thread 0x0000026317831480 2097       1       java.lang.reflect.Constructor::getSharedParameterTypes (5 bytes)
Event: 3.304 Thread 0x0000026318322c30 nmethod 2096 0x000002630af0de90 code [0x000002630af0e040, 0x000002630af0e2d8]
Event: 3.304 Thread 0x0000026317831480 nmethod 2097 0x000002630af0e410 code [0x000002630af0e5a0, 0x000002630af0e678]
Event: 3.314 Thread 0x0000026318322c30 2098       1       java.nio.ByteBuffer::position (8 bytes)
Event: 3.314 Thread 0x0000026318322c30 nmethod 2098 0x000002630af0e710 code [0x000002630af0e8a0, 0x000002630af0e988]
Event: 3.325 Thread 0x0000026318322c30 2099       1       java.util.concurrent.ThreadLocalRandom::getProbe (13 bytes)
Event: 3.325 Thread 0x0000026318322c30 nmethod 2099 0x000002630af0ea10 code [0x000002630af0eba0, 0x000002630af0ec58]

GC Heap History (6 events):
Event: 1.286 GC heap before
{Heap before GC invocations=0 (full 0):
 garbage-first heap   total 96256K, used 13312K [0x00000000a3200000, 0x0000000100000000)
  region size 1024K, 13 young (13312K), 0 survivors (0K)
 Metaspace       used 5211K, committed 5376K, reserved 1114112K
  class space    used 597K, committed 704K, reserved 1048576K
}
Event: 1.302 GC heap after
{Heap after GC invocations=1 (full 0):
 garbage-first heap   total 96256K, used 6832K [0x00000000a3200000, 0x0000000100000000)
  region size 1024K, 2 young (2048K), 2 survivors (2048K)
 Metaspace       used 5211K, committed 5376K, reserved 1114112K
  class space    used 597K, committed 704K, reserved 1048576K
}
Event: 1.765 GC heap before
{Heap before GC invocations=1 (full 0):
 garbage-first heap   total 96256K, used 14000K [0x00000000a3200000, 0x0000000100000000)
  region size 1024K, 9 young (9216K), 2 survivors (2048K)
 Metaspace       used 7083K, committed 7232K, reserved 1114112K
  class space    used 856K, committed 896K, reserved 1048576K
}
Event: 1.773 GC heap after
{Heap after GC invocations=2 (full 0):
 garbage-first heap   total 96256K, used 7236K [0x00000000a3200000, 0x0000000100000000)
  region size 1024K, 1 young (1024K), 1 survivors (1024K)
 Metaspace       used 7083K, committed 7232K, reserved 1114112K
  class space    used 856K, committed 896K, reserved 1048576K
}
Event: 2.920 GC heap before
{Heap before GC invocations=2 (full 0):
 garbage-first heap   total 96256K, used 30788K [0x00000000a3200000, 0x0000000100000000)
  region size 1024K, 25 young (25600K), 1 survivors (1024K)
 Metaspace       used 12506K, committed 12736K, reserved 1114112K
  class space    used 1603K, committed 1728K, reserved 1048576K
}
Event: 2.927 GC heap after
{Heap after GC invocations=3 (full 0):
 garbage-first heap   total 96256K, used 8811K [0x00000000a3200000, 0x0000000100000000)
  region size 1024K, 3 young (3072K), 3 survivors (3072K)
 Metaspace       used 12506K, committed 12736K, reserved 1114112K
  class space    used 1603K, committed 1728K, reserved 1048576K
}

Deoptimization events (2 events):
Event: 3.049 Thread 0x000002631346acd0 DEOPT PACKING pc=0x000002630aed8719 sp=0x0000007ba14fd260
Event: 3.049 Thread 0x000002631346acd0 DEOPT UNPACKING pc=0x000002630aa22b24 sp=0x0000007ba14fc740 mode 3

Classes loaded (20 events):
Event: 3.291 Loading class java/nio/file/FileTreeWalker$EventType
Event: 3.291 Loading class java/nio/file/FileTreeWalker$EventType done
Event: 3.293 Loading class java/util/stream/SortedOps
Event: 3.293 Loading class java/util/stream/SortedOps done
Event: 3.293 Loading class java/util/stream/SortedOps$OfRef
Event: 3.293 Loading class java/util/stream/SortedOps$OfRef done
Event: 3.293 Loading class java/util/Comparators$NaturalOrderComparator
Event: 3.293 Loading class java/util/Comparators$NaturalOrderComparator done
Event: 3.294 Loading class java/util/stream/SortedOps$RefSortingSink
Event: 3.294 Loading class java/util/stream/SortedOps$AbstractRefSortingSink
Event: 3.294 Loading class java/util/stream/SortedOps$AbstractRefSortingSink done
Event: 3.294 Loading class java/util/stream/SortedOps$RefSortingSink done
Event: 3.296 Loading class java/util/regex/Pattern$LazyLoop
Event: 3.296 Loading class java/util/regex/Pattern$Loop
Event: 3.296 Loading class java/util/regex/Pattern$Loop done
Event: 3.296 Loading class java/util/regex/Pattern$LazyLoop done
Event: 3.296 Loading class java/util/regex/Pattern$Prolog
Event: 3.296 Loading class java/util/regex/Pattern$Prolog done
Event: 3.313 Loading class java/lang/AssertionError
Event: 3.313 Loading class java/lang/AssertionError done

Classes unloaded (0 events):
No events

Classes redefined (0 events):
No events

Internal exceptions (20 events):
Event: 2.488 Thread 0x000002631346acd0 Exception <a 'java/lang/NoSuchMethodError'{0x00000000a821f308}: 'java.lang.Object java.lang.invoke.DirectMethodHandle$Holder.invokeSpecial(java.lang.Object, java.lang.Object, java.lang.Object, int, java.lang.Object)'> (0x00000000a821f308) 
thrown [s\open\src\hotspot\share\interpreter\linkResolver.cpp, line 759]
Event: 2.489 Thread 0x000002631346acd0 Exception <a 'java/lang/NoSuchMethodError'{0x00000000a8227a30}: 'java.lang.Object java.lang.invoke.DirectMethodHandle$Holder.newInvokeSpecial(java.lang.Object, java.lang.Object, java.lang.Object, int, java.lang.Object)'> (0x00000000a8227a30) 
thrown [s\open\src\hotspot\share\interpreter\linkResolver.cpp, line 759]
Event: 2.490 Thread 0x000002631346acd0 Exception <a 'java/lang/NoSuchMethodError'{0x00000000a822f410}: 'java.lang.Object java.lang.invoke.Invokers$Holder.linkToTargetMethod(java.lang.Object, java.lang.Object, int, java.lang.Object, java.lang.Object)'> (0x00000000a822f410) 
thrown [s\open\src\hotspot\share\interpreter\linkResolver.cpp, line 759]
Event: 2.493 Thread 0x000002631346acd0 Exception <a 'java/lang/NoSuchMethodError'{0x00000000a823eb30}: 'java.lang.Object java.lang.invoke.DirectMethodHandle$Holder.newInvokeSpecial(java.lang.Object, int, java.lang.Object)'> (0x00000000a823eb30) 
thrown [s\open\src\hotspot\share\interpreter\linkResolver.cpp, line 759]
Event: 2.494 Thread 0x000002631346acd0 Exception <a 'java/lang/NoSuchMethodError'{0x00000000a8243580}: 'int java.lang.invoke.DirectMethodHandle$Holder.invokeSpecialIFC(java.lang.Object, java.lang.Object, java.lang.Object, java.lang.Object)'> (0x00000000a8243580) 
thrown [s\open\src\hotspot\share\interpreter\linkResolver.cpp, line 759]
Event: 2.531 Thread 0x000002631346acd0 Exception <a 'java/lang/NoSuchMethodError'{0x00000000a810afa0}: 'void java.lang.invoke.DirectMethodHandle$Holder.invokeInterface(java.lang.Object, java.lang.Object, java.lang.Object)'> (0x00000000a810afa0) 
thrown [s\open\src\hotspot\share\interpreter\linkResolver.cpp, line 759]
Event: 2.617 Thread 0x000002631346acd0 Exception <a 'java/lang/NoSuchMethodError'{0x00000000a8066bc8}: 'void java.lang.invoke.DirectMethodHandle$Holder.invokeStatic(java.lang.Object, java.lang.Object, int)'> (0x00000000a8066bc8) 
thrown [s\open\src\hotspot\share\interpreter\linkResolver.cpp, line 759]
Event: 2.620 Thread 0x000002631346acd0 Exception <a 'java/lang/NoSuchMethodError'{0x00000000a806e9d0}: 'void java.lang.invoke.DirectMethodHandle$Holder.invokeStaticInit(java.lang.Object, java.lang.Object)'> (0x00000000a806e9d0) 
thrown [s\open\src\hotspot\share\interpreter\linkResolver.cpp, line 759]
Event: 2.624 Thread 0x000002631346acd0 Exception <a 'java/lang/NoSuchMethodError'{0x00000000a807bed0}: 'void java.lang.invoke.DirectMethodHandle$Holder.invokeStaticInit(java.lang.Object, java.lang.Object, java.lang.Object)'> (0x00000000a807bed0) 
thrown [s\open\src\hotspot\share\interpreter\linkResolver.cpp, line 759]
Event: 2.631 Thread 0x000002631346acd0 Exception <a 'java/lang/NoSuchMethodError'{0x00000000a80b7eb8}: 'java.lang.Object java.lang.invoke.DirectMethodHandle$Holder.invokeStatic(java.lang.Object, java.lang.Object, long, java.lang.Object)'> (0x00000000a80b7eb8) 
thrown [s\open\src\hotspot\share\interpreter\linkResolver.cpp, line 759]
Event: 2.631 Thread 0x000002631346acd0 Exception <a 'java/lang/NoSuchMethodError'{0x00000000a80bb948}: 'java.lang.Object java.lang.invoke.DirectMethodHandle$Holder.invokeStaticInit(java.lang.Object, java.lang.Object, long, java.lang.Object)'> (0x00000000a80bb948) 
thrown [s\open\src\hotspot\share\interpreter\linkResolver.cpp, line 759]
Event: 2.632 Thread 0x000002631346acd0 Exception <a 'java/lang/NoSuchMethodError'{0x00000000a80c1f58}: 'java.lang.Object java.lang.invoke.DirectMethodHandle$Holder.newInvokeSpecial(java.lang.Object, java.lang.Object, long)'> (0x00000000a80c1f58) 
thrown [s\open\src\hotspot\share\interpreter\linkResolver.cpp, line 759]
Event: 2.632 Thread 0x000002631346acd0 Exception <a 'java/lang/NoSuchMethodError'{0x00000000a80c5ad0}: 'java.lang.Object java.lang.invoke.Invokers$Holder.linkToTargetMethod(java.lang.Object, long, java.lang.Object)'> (0x00000000a80c5ad0) 
thrown [s\open\src\hotspot\share\interpreter\linkResolver.cpp, line 759]
Event: 2.650 Thread 0x000002631346acd0 Exception <a 'java/lang/NoSuchMethodError'{0x00000000a7f09300}: 'void java.lang.invoke.DirectMethodHandle$Holder.invokeVirtual(java.lang.Object, java.lang.Object, java.lang.Object, java.lang.Object)'> (0x00000000a7f09300) 
thrown [s\open\src\hotspot\share\interpreter\linkResolver.cpp, line 759]
Event: 2.736 Thread 0x000002631346acd0 Exception <a 'java/lang/NoSuchMethodError'{0x00000000a7e52f78}: 'void java.lang.invoke.DirectMethodHandle$Holder.invokeSpecial(java.lang.Object, java.lang.Object, java.lang.Object, java.lang.Object, java.lang.Object)'> (0x00000000a7e52f78) 
thrown [s\open\src\hotspot\share\interpreter\linkResolver.cpp, line 759]
Event: 2.748 Thread 0x000002631346ce80 Exception <a 'java/lang/NoClassDefFoundError'{0x00000000a7e93bb8}: jakarta/validation/Validation> (0x00000000a7e93bb8) 
thrown [s\open\src\hotspot\share\classfile\systemDictionary.cpp, line 244]
Event: 2.749 Thread 0x000002631346acd0 Exception <a 'java/lang/IncompatibleClassChangeError'{0x00000000a7ea2720}: Found class java.lang.Object, but interface was expected> (0x00000000a7ea2720) 
thrown [s\open\src\hotspot\share\interpreter\linkResolver.cpp, line 826]
Event: 2.959 Thread 0x000002631346acd0 Exception <a 'java/lang/NoSuchMethodError'{0x00000000a8e4bbc0}: 'int java.lang.invoke.Invokers$Holder.invokeExact_MT(java.lang.Object, java.lang.Object)'> (0x00000000a8e4bbc0) 
thrown [s\open\src\hotspot\share\interpreter\linkResolver.cpp, line 759]
Event: 3.288 Thread 0x000002631346acd0 Exception <a 'java/lang/NoSuchMethodError'{0x00000000a81f0d78}: 'int java.lang.invoke.DirectMethodHandle$Holder.invokeSpecial(java.lang.Object, java.lang.Object, java.lang.Object, java.lang.Object, java.lang.Object)'> (0x00000000a81f0d78) 
thrown [s\open\src\hotspot\share\interpreter\linkResolver.cpp, line 759]
Event: 3.291 Thread 0x000002631346acd0 Exception <a 'java/lang/NoSuchMethodError'{0x00000000a81f9950}: 'void java.lang.invoke.DirectMethodHandle$Holder.invokeVirtual(java.lang.Object, java.lang.Object)'> (0x00000000a81f9950) 
thrown [s\open\src\hotspot\share\interpreter\linkResolver.cpp, line 759]

VM Operations (20 events):
Event: 1.764 Executing VM operation: G1CollectForAllocation
Event: 1.773 Executing VM operation: G1CollectForAllocation done
Event: 1.961 Executing VM operation: HandshakeAllThreads
Event: 1.961 Executing VM operation: HandshakeAllThreads done
Event: 2.442 Executing VM operation: HandshakeAllThreads
Event: 2.442 Executing VM operation: HandshakeAllThreads done
Event: 2.653 Executing VM operation: ICBufferFull
Event: 2.653 Executing VM operation: ICBufferFull done
Event: 2.713 Executing VM operation: HandshakeAllThreads
Event: 2.713 Executing VM operation: HandshakeAllThreads done
Event: 2.725 Executing VM operation: HandshakeAllThreads
Event: 2.725 Executing VM operation: HandshakeAllThreads done
Event: 2.920 Executing VM operation: G1CollectForAllocation
Event: 2.928 Executing VM operation: G1CollectForAllocation done
Event: 3.164 Executing VM operation: HandshakeAllThreads
Event: 3.165 Executing VM operation: HandshakeAllThreads done
Event: 3.236 Executing VM operation: HandshakeAllThreads
Event: 3.236 Executing VM operation: HandshakeAllThreads done
Event: 3.264 Executing VM operation: HandshakeAllThreads
Event: 3.264 Executing VM operation: HandshakeAllThreads done

Events (20 events):
Event: 0.090 Thread 0x00000263133ba900 Thread added: 0x00000263133ba900
Event: 0.283 Thread 0x000002631346a800 Thread added: 0x000002631346a800
Event: 0.301 Thread 0x0000026317831480 Thread added: 0x0000026317831480
Event: 0.329 Loaded shared library C:\Program Files\Java\jdk-18.0.2.1\bin\zip.dll
Event: 0.336 Loaded shared library C:\Program Files\Java\jdk-18.0.2.1\bin\instrument.dll
Event: 0.352 Loaded shared library C:\Program Files\Java\jdk-18.0.2.1\bin\net.dll
Event: 0.356 Loaded shared library C:\Program Files\Java\jdk-18.0.2.1\bin\nio.dll
Event: 0.363 Loaded shared library C:\Program Files\Java\jdk-18.0.2.1\bin\zip.dll
Event: 0.508 Loaded shared library C:\Program Files\JetBrains\IntelliJ IDEA 2022.2.3\bin\breakgen64.dll
Event: 0.509 Thread 0x000002631346d820 Thread added: 0x000002631346d820
Event: 0.509 Thread 0x000002631346c4e0 Thread added: 0x000002631346c4e0
Event: 0.520 Loaded shared library C:\Program Files\Java\jdk-18.0.2.1\bin\jimage.dll
Event: 0.570 Loaded shared library C:\Program Files\Java\jdk-18.0.2.1\bin\management.dll
Event: 0.596 Loaded shared library C:\Program Files\Java\jdk-18.0.2.1\bin\management_ext.dll
Event: 1.148 Thread 0x000002631346dcf0 Thread added: 0x000002631346dcf0
Event: 1.822 Thread 0x000002631346d350 Thread added: 0x000002631346d350
Event: 1.829 Thread 0x000002631346acd0 Thread added: 0x000002631346acd0
Event: 2.743 Thread 0x000002631346ce80 Thread added: 0x000002631346ce80
Event: 2.890 Loaded shared library C:\Program Files\Java\jdk-18.0.2.1\bin\verify.dll
Event: 3.025 Thread 0x0000026318322c30 Thread added: 0x0000026318322c30


Dynamic libraries:
0x00007ff662fb0000 - 0x00007ff662fc0000 	C:\Program Files\Java\jdk-18.0.2.1\bin\java.exe
0x00007ffc8d930000 - 0x00007ffc8db28000 	C:\WINDOWS\SYSTEM32\ntdll.dll
0x00007ffc8cad0000 - 0x00007ffc8cb8f000 	C:\WINDOWS\System32\KERNEL32.DLL
0x00007ffc8b620000 - 0x00007ffc8b8f2000 	C:\WINDOWS\System32\KERNELBASE.dll
0x00007ffc8b210000 - 0x00007ffc8b310000 	C:\WINDOWS\System32\ucrtbase.dll
0x00007ffc6df90000 - 0x00007ffc6dfaa000 	C:\Program Files\Java\jdk-18.0.2.1\bin\VCRUNTIME140.dll
0x00007ffc721b0000 - 0x00007ffc721c8000 	C:\Program Files\Java\jdk-18.0.2.1\bin\jli.dll
0x00007ffc8c880000 - 0x00007ffc8c92e000 	C:\WINDOWS\System32\ADVAPI32.dll
0x00007ffc8bb20000 - 0x00007ffc8bbbe000 	C:\WINDOWS\System32\msvcrt.dll
0x00007ffc8ba20000 - 0x00007ffc8babc000 	C:\WINDOWS\System32\sechost.dll
0x00007ffc8c930000 - 0x00007ffc8ca55000 	C:\WINDOWS\System32\RPCRT4.dll
0x00007ffc8d3c0000 - 0x00007ffc8d55d000 	C:\WINDOWS\System32\USER32.dll
0x00007ffc8b4e0000 - 0x00007ffc8b502000 	C:\WINDOWS\System32\win32u.dll
0x00007ffc80350000 - 0x00007ffc805ea000 	C:\WINDOWS\WinSxS\amd64_microsoft.windows.common-controls_6595b64144ccf1df_6.0.19041.1110_none_60b5254171f9507e\COMCTL32.dll
0x00007ffc8c310000 - 0x00007ffc8c33b000 	C:\WINDOWS\System32\GDI32.dll
0x00007ffc8b510000 - 0x00007ffc8b61f000 	C:\WINDOWS\System32\gdi32full.dll
0x00007ffc8b310000 - 0x00007ffc8b3ad000 	C:\WINDOWS\System32\msvcp_win.dll
0x00007ffc817f0000 - 0x00007ffc817fa000 	C:\WINDOWS\SYSTEM32\VERSION.dll
0x00007ffc8b9e0000 - 0x00007ffc8ba12000 	C:\WINDOWS\System32\IMM32.DLL
0x00007ffc74210000 - 0x00007ffc7421c000 	C:\Program Files\Java\jdk-18.0.2.1\bin\vcruntime140_1.dll
0x00007ffc59200000 - 0x00007ffc5928d000 	C:\Program Files\Java\jdk-18.0.2.1\bin\msvcp140.dll
0x00007ffc55840000 - 0x00007ffc56451000 	C:\Program Files\Java\jdk-18.0.2.1\bin\server\jvm.dll
0x00007ffc8b9b0000 - 0x00007ffc8b9b8000 	C:\WINDOWS\System32\PSAPI.DLL
0x00007ffc86e40000 - 0x00007ffc86e49000 	C:\WINDOWS\SYSTEM32\WSOCK32.dll
0x00007ffc8d280000 - 0x00007ffc8d2eb000 	C:\WINDOWS\System32\WS2_32.dll
0x00007ffc80fb0000 - 0x00007ffc80fd7000 	C:\WINDOWS\SYSTEM32\WINMM.dll
0x00007ffc88ec0000 - 0x00007ffc88ed2000 	C:\WINDOWS\SYSTEM32\kernel.appcore.dll
0x00007ffc740b0000 - 0x00007ffc740ba000 	C:\Program Files\Java\jdk-18.0.2.1\bin\jimage.dll
0x00007ffc7c920000 - 0x00007ffc7cb04000 	C:\WINDOWS\SYSTEM32\DBGHELP.DLL
0x00007ffc7c8f0000 - 0x00007ffc7c91c000 	C:\WINDOWS\SYSTEM32\dbgcore.DLL
0x00007ffc8b3b0000 - 0x00007ffc8b432000 	C:\WINDOWS\System32\bcryptPrimitives.dll
0x00007ffc86ea0000 - 0x00007ffc86eae000 	C:\Program Files\Java\jdk-18.0.2.1\bin\instrument.dll
0x00007ffc691a0000 - 0x00007ffc691c5000 	C:\Program Files\Java\jdk-18.0.2.1\bin\java.dll
0x00007ffc58de0000 - 0x00007ffc58eb6000 	C:\Program Files\Java\jdk-18.0.2.1\bin\jsvml.dll
0x00007ffc8bbc0000 - 0x00007ffc8c303000 	C:\WINDOWS\System32\SHELL32.dll
0x00007ffc890c0000 - 0x00007ffc89852000 	C:\WINDOWS\SYSTEM32\windows.storage.dll
0x00007ffc8d560000 - 0x00007ffc8d8b4000 	C:\WINDOWS\System32\combase.dll
0x00007ffc8aa60000 - 0x00007ffc8aa90000 	C:\WINDOWS\SYSTEM32\Wldp.dll
0x00007ffc8c5a0000 - 0x00007ffc8c64d000 	C:\WINDOWS\System32\SHCORE.dll
0x00007ffc8bac0000 - 0x00007ffc8bb15000 	C:\WINDOWS\System32\shlwapi.dll
0x00007ffc8af40000 - 0x00007ffc8af5f000 	C:\WINDOWS\SYSTEM32\profapi.dll
0x00007ffc66710000 - 0x00007ffc66728000 	C:\Program Files\Java\jdk-18.0.2.1\bin\zip.dll
0x00007ffc696a0000 - 0x00007ffc696b3000 	C:\Program Files\Java\jdk-18.0.2.1\bin\net.dll
0x00007ffc81aa0000 - 0x00007ffc81bac000 	C:\WINDOWS\SYSTEM32\WINHTTP.dll
0x00007ffc8a7c0000 - 0x00007ffc8a82a000 	C:\WINDOWS\system32\mswsock.dll
0x00007ffc67060000 - 0x00007ffc67076000 	C:\Program Files\Java\jdk-18.0.2.1\bin\nio.dll
0x00007ffc86e50000 - 0x00007ffc86e6a000 	C:\Program Files\JetBrains\IntelliJ IDEA 2022.2.3\bin\breakgen64.dll
0x00007ffc8a4b0000 - 0x00007ffc8a57a000 	C:\WINDOWS\SYSTEM32\DNSAPI.dll
0x00007ffc8a460000 - 0x00007ffc8a49b000 	C:\WINDOWS\SYSTEM32\IPHLPAPI.DLL
0x00007ffc8c340000 - 0x00007ffc8c348000 	C:\WINDOWS\System32\NSI.dll
0x00007ffc807b0000 - 0x00007ffc807ba000 	C:\Windows\System32\rasadhlp.dll
0x00007ffc7ff80000 - 0x00007ffc80000000 	C:\WINDOWS\System32\fwpuclnt.dll
0x00007ffc8b440000 - 0x00007ffc8b467000 	C:\WINDOWS\System32\bcrypt.dll
0x00007ffc85450000 - 0x00007ffc85459000 	C:\Program Files\Java\jdk-18.0.2.1\bin\management.dll
0x00007ffc85440000 - 0x00007ffc8544b000 	C:\Program Files\Java\jdk-18.0.2.1\bin\management_ext.dll
0x00007ffc8a9b0000 - 0x00007ffc8a9c8000 	C:\WINDOWS\SYSTEM32\CRYPTSP.dll
0x00007ffc8a070000 - 0x00007ffc8a0a4000 	C:\WINDOWS\system32\rsaenh.dll
0x00007ffc8af00000 - 0x00007ffc8af2e000 	C:\WINDOWS\SYSTEM32\USERENV.dll
0x00007ffc8a9d0000 - 0x00007ffc8a9dc000 	C:\WINDOWS\SYSTEM32\CRYPTBASE.dll
0x00007ffc82a90000 - 0x00007ffc82aa7000 	C:\WINDOWS\SYSTEM32\dhcpcsvc6.DLL
0x00007ffc82f30000 - 0x00007ffc82f4d000 	C:\WINDOWS\SYSTEM32\dhcpcsvc.DLL
0x00007ffc74070000 - 0x00007ffc74087000 	C:\WINDOWS\system32\napinsp.dll
0x00007ffc74050000 - 0x00007ffc7406b000 	C:\WINDOWS\system32\pnrpnsp.dll
0x00007ffc85e80000 - 0x00007ffc85e95000 	C:\WINDOWS\system32\wshbth.dll
0x00007ffc86da0000 - 0x00007ffc86dbd000 	C:\WINDOWS\system32\NLAapi.dll
0x00007ffc74030000 - 0x00007ffc74042000 	C:\WINDOWS\System32\winrnr.dll
0x00007ffc753d0000 - 0x00007ffc753e0000 	C:\Program Files\Java\jdk-18.0.2.1\bin\verify.dll

dbghelp: loaded successfully - version: 4.0.5 - missing functions: none
symbol engine: initialized successfully - sym options: 0x614 - pdb path: .;C:\Program Files\Java\jdk-18.0.2.1\bin;C:\WINDOWS\SYSTEM32;C:\WINDOWS\WinSxS\amd64_microsoft.windows.common-controls_6595b64144ccf1df_6.0.19041.1110_none_60b5254171f9507e;C:\Program Files\Java\jdk-18.0.2.1\bin\server;C:\Program Files\JetBrains\IntelliJ IDEA 2022.2.3\bin

VM Arguments:
jvm_args: -XX:TieredStopAtLevel=1 -Dspring.output.ansi.enabled=always -Dcom.sun.management.jmxremote -Dspring.jmx.enabled=true -Dspring.liveBeansView.mbeanDomain -Dspring.application.admin.enabled=true -javaagent:C:\Program Files\JetBrains\IntelliJ IDEA 2022.2.3\lib\idea_rt.jar=64999:C:\Program Files\JetBrains\IntelliJ IDEA 2022.2.3\bin -Dfile.encoding=UTF-8 -Dsun.stdout.encoding=UTF-8 -Dsun.stderr.encoding=UTF-8 
java_command: com.AsisteciaControl.Asistencia.AsistenciaApplication
java_class_path (initial): C:\Users\Jesus\Desktop\Asistencia\target\classes;C:\Users\Jesus\.m2\repository\org\springframework\boot\spring-boot-starter-data-jpa\3.0.0\spring-boot-starter-data-jpa-3.0.0.jar;C:\Users\Jesus\.m2\repository\org\springframework\boot\spring-boot-starter-aop\3.0.0\spring-boot-starter-aop-3.0.0.jar;C:\Users\Jesus\.m2\repository\org\springframework\spring-aop\6.0.2\spring-aop-6.0.2.jar;C:\Users\Jesus\.m2\repository\org\aspectj\aspectjweaver\1.9.9.1\aspectjweaver-1.9.9.1.jar;C:\Users\Jesus\.m2\repository\org\springframework\boot\spring-boot-starter-jdbc\3.0.0\spring-boot-starter-jdbc-3.0.0.jar;C:\Users\Jesus\.m2\repository\com\zaxxer\HikariCP\5.0.1\HikariCP-5.0.1.jar;C:\Users\Jesus\.m2\repository\org\springframework\spring-jdbc\6.0.2\spring-jdbc-6.0.2.jar;C:\Users\Jesus\.m2\repository\org\hibernate\orm\hibernate-core\6.1.5.Final\hibernate-core-6.1.5.Final.jar;C:\Users\Jesus\.m2\repository\jakarta\persistence\jakarta.persistence-api\3.1.0\jakarta.persistence-api-3.1.0.jar;C:\Users\Jesus\.m2\repository\jakarta\transaction\jakarta.transaction-api\2.0.1\jakarta.transaction-api-2.0.1.jar;C:\Users\Jesus\.m2\repository\org\jboss\logging\jboss-logging\3.5.0.Final\jboss-logging-3.5.0.Final.jar;C:\Users\Jesus\.m2\repository\org\hibernate\common\hibernate-commons-annotations\6.0.2.Final\hibernate-commons-annotations-6.0.2.Final.jar;C:\Users\Jesus\.m2\repository\org\jboss\jandex\2.4.2.Final\jandex-2.4.2.Final.jar;C:\Users\Jesus\.m2\repository\com\fasterxml\classmate\1.5.1\classmate-1.5.1.jar;C:\Users\Jesus\.m2\repository\net\bytebuddy\byte-buddy\1.12.19\byte-buddy-1.12.19.jar;C:\Users\Jesus\.m2\repository\org\glassfish\jaxb\jaxb-runtime\4.0.1\jaxb-runtime-4.0.1.jar;C:\Users\Jesus\.m2\repository\org\glassfish\jaxb\jaxb-core\4.0.1\jaxb-core-4.0.1.jar;C:\Users\Jesus\.m2\repository\org\eclipse\angus\angus-activation\1.0.0\angus-activation-1.0.0.jar;C:\Users\Jesus\.m2\repository\org\glassfish\jaxb\txw2\4.0.1\txw2-4.0.1.jar;C:\Users\Jesus\.m2\repository\com\sun\istack\istack-commons-runtime\4.1.1\istack-commons-runtime-4.1.1.jar;C:\Users\Jesus\.m2\repository\jakarta\inject\jakarta.inject-api\2.0.0\jakarta.inject-api-2.0.0.jar;C:\Users\Jesus\.m2\repository\org\antlr\antlr4-runtime\4.10.1\antlr4-runtime-4.10.1.jar;C:\Users\Jesus\.m2\repository\org\springframework\data\spring-data-jpa\3.0.0\spring-data-jpa-3.0.0.jar;C:\Users\Jesus\.m2\repository\org\springframework\data\spring-data-commons\3.0.0\spring-data-commons-3.0.0.jar;C:\Users\Jesus\.m2\repository\org\springframework\spring-orm\6.0.2\spring-orm-6.0.2.jar;C:\Users\Jesus\.m2\repository\org\springframework\spring-context\6.0.2\spring-context-6.0.2.jar;C:\Users\Jesus\.m2\repository\org\springframework\spring-tx\6.0.2\spring-tx-6.0.2.jar;C:\Users\Jesus\.m2\repository\org\springframework\spring-beans\6.0.2\spring-beans-6.0.2.jar;C:\Users\Jesus\.m2\repository\jakarta\annotation\jakarta.annotation-api\2.1.1\jakarta.annotation-api-2.1.1.jar;C:\Users\Jesus\.m2\repository\org\slf4j\slf4j-api\2.0.4\slf4j-api-2.0.4.jar;C:\Users\Jesus\.m2\repository\org\springframework\spring-aspects\6.0.2\spring-aspects-6.0.2.jar;C:\Users\Jesus\.m2\repository\org\springframework\boot\spring-boot-starter-thymeleaf\3.0.0\spring-boot-starter-thymeleaf-3.0.0.jar;C:\Users\Jesus\.m2\repository\org\springframework\boot\spring-boot-starter\3.0.0\spring-boot-starter-3.0.0.jar;C:\Users\Jesus\.m2\repository\org\springframework\boot\spring-boot-starter-logging\3.0.0\spring-boot-starter-logging-3.0.0.jar;C:\Users\Jesus\.m2\repository\ch\qos\logback\logback-classic\1.4.5\logback-classic-1.4.5.jar;C:\Users\Jesus\.m2\repository\ch\qos\logback\logback-core\1.4.5\logback-core-1.4.5.jar;C:\Users\Jesus\.m2\repository\org\apache\logging\log4j\log4j-to-slf4j\2.19.0\log4j-to-slf4j-2.19.0.jar;C:\Users\Jesus\.m2\repository\org\apache\logging\log4j\log4j-api\2.19.0\log4j-api-2.19.0.jar;C:\Users\Jesus\.m2\repository\org\slf4j\jul-to-slf4j\2.0.4\jul-to-slf4j-2.0.4.jar;C:\Users\Jesus\.m2\repository\org\yaml\snakeyaml\1.33\snakeyaml-1.33.jar;C:\Users\Jesus\.m2\repository\org\thymeleaf\thymeleaf-spring6\3.1.0.RELEASE\thymeleaf-spring6-3.1.0.RELEASE.jar;C:\Users\Jesus\.m2\repository\org\thymeleaf\thymeleaf\3.1.0.RELEASE\thymeleaf-3.1.0.RELEASE.jar;C:\Users\Jesus\.m2\repository\org\attoparser\attoparser\2.0.6.RELEASE\attoparser-2.0.6.RELEASE.jar;C:\Users\Jesus\.m2\repository\org\unbescape\unbescape\1.1.6.RELEASE\unbescape-1.1.6.RELEASE.jar;C:\Users\Jesus\.m2\repository\org\springframework\boot\spring-boot-starter-web\3.0.0\spring-boot-starter-web-3.0.0.jar;C:\Users\Jesus\.m2\repository\org\springframework\boot\spring-boot-starter-json\3.0.0\spring-boot-starter-json-3.0.0.jar;C:\Users\Jesus\.m2\repository\com\fasterxml\jackson\core\jackson-databind\2.14.1\jackson-databind-2.14.1.jar;C:\Users\Jesus\.m2\repository\com\fasterxml\jackson\core\jackson-annotations\2.14.1\jackson-annotations-2.14.1.jar;C:\Users\Jesus\.m2\repository\com\fasterxml\jackson\core\jackson-core\2.14.1\jackson-core-2.14.1.jar;C:\Users\Jesus\.m2\repository\com\fasterxml\jackson\datatype\jackson-datatype-jdk8\2.14.1\jackson-datatype-jdk8-2.14.1.jar;C:\Users\Jesus\.m2\repository\com\fasterxml\jackson\datatype\jackson-datatype-jsr310\2.14.1\jackson-datatype-jsr310-2.14.1.jar;C:\Users\Jesus\.m2\repository\com\fasterxml\jackson\module\jackson-module-parameter-names\2.14.1\jackson-module-parameter-names-2.14.1.jar;C:\Users\Jesus\.m2\repository\org\springframework\boot\spring-boot-starter-tomcat\3.0.0\spring-boot-starter-tomcat-3.0.0.jar;C:\Users\Jesus\.m2\repository\org\apache\tomcat\embed\tomcat-embed-core\10.1.1\tomcat-embed-core-10.1.1.jar;C:\Users\Jesus\.m2\repository\org\apache\tomcat\embed\tomcat-embed-el\10.1.1\tomcat-embed-el-10.1.1.jar;C:\Users\Jesus\.m2\repository\org\apache\tomcat\embed\tomcat-embed-websocket\10.1.1\tomcat-embed-websocket-10.1.1.jar;C:\Users\Jesus\.m2\repository\org\springframework\spring-web\6.0.2\spring-web-6.0.2.jar;C:\Users\Jesus\.m2\repository\io\micrometer\micrometer-observation\1.10.2\micrometer-observation-1.10.2.jar;C:\Users\Jesus\.m2\repository\io\micrometer\micrometer-commons\1.10.2\micrometer-commons-1.10.2.jar;C:\Users\Jesus\.m2\repository\org\springframework\spring-webmvc\6.0.2\spring-webmvc-6.0.2.jar;C:\Users\Jesus\.m2\repository\org\springframework\spring-expression\6.0.2\spring-expression-6.0.2.jar;C:\Users\Jesus\.m2\repository\org\springframework\boot\spring-boot-devtools\3.0.0\spring-boot-devtools-3.0.0.jar;C:\Users\Jesus\.m2\repository\org\springframework\boot\spring-boot\3.0.0\spring-boot-3.0.0.jar;C:\Users\Jesus\.m2\repository\org\springframework\boot\spring-boot-autoconfigure\3.0.0\spring-boot-autoconfigure-3.0.0.jar;C:\Users\Jesus\.m2\repository\com\mysql\mysql-connector-j\8.0.31\mysql-connector-j-8.0.31.jar;C:\Users\Jesus\.m2\repository\jakarta\xml\bind\jakarta.xml.bind-api\4.0.0\jakarta.xml.bind-api-4.0.0.jar;C:\Users\Jesus\.m2\repository\jakarta\activation\jakarta.activation-api\2.1.0\jakarta.activation-api-2.1.0.jar;C:\Users\Jesus\.m2\repository\org\springframework\spring-core\6.0.2\spring-core-6.0.2.jar;C:\Users\Jesus\.m2\repository\org\springframework\spring-jcl\6.0.2\spring-jcl-6.0.2.jar
Launcher Type: SUN_STANDARD

[Global flags]
     intx CICompilerCount                          = 3                                         {product} {ergonomic}
     uint ConcGCThreads                            = 1                                         {product} {ergonomic}
     uint G1ConcRefinementThreads                  = 4                                         {product} {ergonomic}
   size_t G1HeapRegionSize                         = 1048576                                   {product} {ergonomic}
    uintx GCDrainStackTargetSize                   = 64                                        {product} {ergonomic}
   size_t InitialHeapSize                          = 98566144                                  {product} {ergonomic}
     bool ManagementServer                         = true                                      {product} {command line}
   size_t MarkStackSize                            = 4194304                                   {product} {ergonomic}
   size_t MaxHeapSize                              = 1558183936                                {product} {ergonomic}
   size_t MaxNewSize                               = 934281216                                 {product} {ergonomic}
   size_t MinHeapDeltaBytes                        = 1048576                                   {product} {ergonomic}
   size_t MinHeapSize                              = 8388608                                   {product} {ergonomic}
    uintx NonProfiledCodeHeapSize                  = 0                                      {pd product} {ergonomic}
     bool ProfileInterpreter                       = false                                  {pd product} {command line}
    uintx ProfiledCodeHeapSize                     = 0                                      {pd product} {ergonomic}
   size_t SoftMaxHeapSize                          = 1558183936                             {manageable} {ergonomic}
     intx TieredStopAtLevel                        = 1                                         {product} {command line}
     bool UseCompressedClassPointers               = true                           {product lp64_product} {ergonomic}
     bool UseCompressedOops                        = true                           {product lp64_product} {ergonomic}
     bool UseG1GC                                  = true                                      {product} {ergonomic}
     bool UseLargePagesIndividualAllocation        = false                                  {pd product} {ergonomic}

Logging:
Log output configuration:
 #0: stdout all=warning uptime,level,tags foldmultilines=false
 #1: stderr all=off uptime,level,tags foldmultilines=false

Environment Variables:
JAVA_HOME=C:\Program Files\Java\jdk-18.0.2.1
PATH=C:\Program Files\Microsoft\jdk-11.0.12.7-hotspot\bin;C:\Program Files\Common Files\Oracle\Java\javapath;C:\Program Files (x86)\Common Files\Oracle\Java\javapath;C:\WINDOWS\system32;C:\WINDOWS;C:\WINDOWS\System32\Wbem;C:\WINDOWS\System32\WindowsPowerShell\v1.0\;C:\WINDOWS\System32\OpenSSH\;C:\Program Files (x86)\dotnet\;C:\maven\bin;C:\Program Files\Java\jdk-18.0.2.1\bin;C:\Program Files\Microsoft SQL Server\150\Tools\Binn\;C:\Program Files\Microsoft SQL Server\Client SDK\ODBC\170\Tools\Binn\;C:\Program Files\dotnet\;C:\Program Files\MySQL\MySQL Shell 8.0\bin\;C:\Users\Jesus\AppData\Local\Microsoft\WindowsApps;C:\Users\Jesus\AppData\Local\Programs\Microsoft VS Code\bin;C:\Program Files\JetBrains\IntelliJ IDEA 2022.2.3\bin;;C:\Users\Jesus\.dotnet\tools
USERNAME=Jesus
OS=Windows_NT
PROCESSOR_IDENTIFIER=Intel64 Family 6 Model 37 Stepping 5, GenuineIntel



---------------  S Y S T E M  ---------------

OS:
 Windows 10 , 64 bit Build 19041 (10.0.19041.2251)
OS uptime: 3 days 19:50 hours

CPU: total 4 (initial active 4) (2 cores per cpu, 2 threads per core) family 6 model 37 stepping 5 microcode 0x7, cx8, cmov, fxsr, ht, mmx, sse, sse2, sse3, ssse3, sse4.1, sse4.2, popcnt, tsc, tscinvbit, clflush

Memory: 4k page, system-wide physical 5941M (705M free)
TotalPageFile size 7989M (AvailPageFile size 5M)
current process WorkingSet (physical memory assigned to process): 97M, peak: 97M
current process commit charge ("private bytes"): 193M, peak: 193M

vm_info: Java HotSpot(TM) 64-Bit Server VM (18.0.2.1+1-1) for windows-amd64 JRE (18.0.2.1+1-1), built on Aug 16 2022 01:46:33 by "mach5one" with MS VC++ 16.8 / 16.9 (VS2019)

END.
