#
# There is insufficient memory for the Java Runtime Environment to continue.
# Native memory allocation (malloc) failed to allocate 32744 bytes for Chunk::new
# Possible reasons:
#   The system is out of physical RAM or swap space
#   The process is running with CompressedOops enabled, and the Java Heap may be blocking the growth of the native heap
# Possible solutions:
#   Reduce memory load on the system
#   Increase physical memory or swap space
#   Check if swap backing store is full
#   Decrease Java heap size (-Xmx/-Xms)
#   Decrease number of Java threads
#   Decrease Java thread stack sizes (-Xss)
#   Set larger code cache with -XX:ReservedCodeCacheSize=
#   JVM is running with Unscaled Compressed Oops mode in which the Java heap is
#     placed in the first 4GB address space. The Java Heap base address is the
#     maximum limit for the native heap growth. Please use -XX:HeapBaseMinAddress
#     to set the Java Heap base and to place the Java Heap above 4GB virtual address.
# This output file may be truncated or incomplete.
#
#  Out of Memory Error (arena.cpp:184), pid=1140, tid=1448
#
# JRE version: Java(TM) SE Runtime Environment (18.0.2.1+1) (build 18.0.2.1+1-1)
# Java VM: Java HotSpot(TM) 64-Bit Server VM (18.0.2.1+1-1, mixed mode, emulated-client, sharing, tiered, compressed oops, compressed class ptrs, g1 gc, windows-amd64)
# No core dump will be written. Minidumps are not enabled by default on client versions of Windows
#

---------------  S U M M A R Y ------------

Command Line: -XX:TieredStopAtLevel=1 -Dspring.output.ansi.enabled=always -Dcom.sun.management.jmxremote -Dspring.jmx.enabled=true -Dspring.liveBeansView.mbeanDomain -Dspring.application.admin.enabled=true -javaagent:C:\Program Files\JetBrains\IntelliJ IDEA 2022.2.3\lib\idea_rt.jar=65008:C:\Program Files\JetBrains\IntelliJ IDEA 2022.2.3\bin -Dfile.encoding=UTF-8 -Dsun.stdout.encoding=UTF-8 -Dsun.stderr.encoding=UTF-8 com.AsisteciaControl.Asistencia.AsistenciaApplication

Host: Intel(R) Core(TM) i3 CPU       M 370  @ 2.40GHz, 4 cores, 5G,  Windows 10 , 64 bit Build 19041 (10.0.19041.2251)
Time: Sun Dec  4 17:13:38 2022 Hora estándar oeste, Sudamérica elapsed time: 6.388161 seconds (0d 0h 0m 6s)

---------------  T H R E A D  ---------------

Current thread (0x000001d52ceee420):  JavaThread "C1 CompilerThread0" daemon [_thread_in_native, id=1448, stack(0x000000a278100000,0x000000a278200000)]


Current CompileTask:
C1:   6388 3129   !   1       org.springframework.core.annotation.AttributeMethods::isValid (47 bytes)

Stack: [0x000000a278100000,0x000000a278200000]
Native frames: (J=compiled Java code, j=interpreted, Vv=VM code, C=native code)
V  [jvm.dll+0x6993aa]
V  [jvm.dll+0x7f46dd]
V  [jvm.dll+0x7f5fee]
V  [jvm.dll+0x7f66a3]
V  [jvm.dll+0x25cf1f]
V  [jvm.dll+0xb8c2f]
V  [jvm.dll+0xb8fa5]
V  [jvm.dll+0x1312e5]
V  [jvm.dll+0x195d86]
V  [jvm.dll+0x19769c]
V  [jvm.dll+0x196e9b]
V  [jvm.dll+0x15e60b]
V  [jvm.dll+0x1486b8]
V  [jvm.dll+0x148840]
V  [jvm.dll+0x148b26]
V  [jvm.dll+0x147f9a]
V  [jvm.dll+0x149c81]
V  [jvm.dll+0x23ee0a]
V  [jvm.dll+0x23d0f5]
V  [jvm.dll+0x7a6dd1]
V  [jvm.dll+0x7a120a]
V  [jvm.dll+0x698255]
C  [ucrtbase.dll+0x21bb2]
C  [KERNEL32.DLL+0x174b4]
C  [ntdll.dll+0x526a1]


---------------  P R O C E S S  ---------------

Threads class SMR info:
_java_thread_list=0x000001d5323f2b10, length=19, elements={
0x000001d51ac0eb80, 0x000001d52ced17c0, 0x000001d52ced2560, 0x000001d52cee4c10,
0x000001d52cee5fa0, 0x000001d52cee9960, 0x000001d52ceea440, 0x000001d52ceee420,
0x000001d52cf28c10, 0x000001d531148030, 0x000001d52cfadbc0, 0x000001d52cfae2d0,
0x000001d5315016b0, 0x000001d531504dc0, 0x000001d531618cd0, 0x000001d5317b4650,
0x000001d5317e05c0, 0x000001d53182f4a0, 0x000001d531ab99a0
}

Java Threads: ( => current thread )
  0x000001d51ac0eb80 JavaThread "main" [_thread_blocked, id=10800, stack(0x000000a277400000,0x000000a277500000)]
  0x000001d52ced17c0 JavaThread "Reference Handler" daemon [_thread_blocked, id=992, stack(0x000000a277b00000,0x000000a277c00000)]
  0x000001d52ced2560 JavaThread "Finalizer" daemon [_thread_blocked, id=11804, stack(0x000000a277c00000,0x000000a277d00000)]
  0x000001d52cee4c10 JavaThread "Signal Dispatcher" daemon [_thread_blocked, id=9388, stack(0x000000a277d00000,0x000000a277e00000)]
  0x000001d52cee5fa0 JavaThread "Attach Listener" daemon [_thread_blocked, id=15320, stack(0x000000a277e00000,0x000000a277f00000)]
  0x000001d52cee9960 JavaThread "Service Thread" daemon [_thread_blocked, id=7800, stack(0x000000a277f00000,0x000000a278000000)]
  0x000001d52ceea440 JavaThread "Monitor Deflation Thread" daemon [_thread_blocked, id=8296, stack(0x000000a278000000,0x000000a278100000)]
=>0x000001d52ceee420 JavaThread "C1 CompilerThread0" daemon [_thread_in_native, id=1448, stack(0x000000a278100000,0x000000a278200000)]
  0x000001d52cf28c10 JavaThread "Sweeper thread" daemon [_thread_blocked, id=14060, stack(0x000000a278200000,0x000000a278300000)]
  0x000001d531148030 JavaThread "Common-Cleaner" daemon [_thread_blocked, id=5428, stack(0x000000a278300000,0x000000a278400000)]
  0x000001d52cfadbc0 JavaThread "C1 CompilerThread1" daemon [_thread_blocked, id=1240, stack(0x000000a278400000,0x000000a278500000)]
  0x000001d52cfae2d0 JavaThread "C1 CompilerThread2" daemon [_thread_in_native, id=5648, stack(0x000000a278500000,0x000000a278600000)]
  0x000001d5315016b0 JavaThread "Monitor Ctrl-Break" daemon [_thread_in_native, id=2252, stack(0x000000a278600000,0x000000a278700000)]
  0x000001d531504dc0 JavaThread "Notification Thread" daemon [_thread_blocked, id=8648, stack(0x000000a278700000,0x000000a278800000)]
  0x000001d531618cd0 JavaThread "RMI TCP Accept-0" daemon [_thread_in_native, id=11388, stack(0x000000a278800000,0x000000a278900000)]
  0x000001d5317b4650 JavaThread "RMI TCP Connection(1)-192.168.100.13" daemon [_thread_in_native, id=6408, stack(0x000000a278e00000,0x000000a278f00000)]
  0x000001d5317e05c0 JavaThread "RMI Scheduler(0)" daemon [_thread_blocked, id=7548, stack(0x000000a278f00000,0x000000a279000000)]
  0x000001d53182f4a0 JavaThread "Thread-0" [_thread_blocked, id=5116, stack(0x000000a279000000,0x000000a279100000)]
  0x000001d531ab99a0 JavaThread "restartedMain" [_thread_in_native, id=15188, stack(0x000000a279100000,0x000000a279200000)]

Other Threads:
  0x000001d51ac76b10 VMThread "VM Thread" [stack: 0x000000a277a00000,0x000000a277b00000] [id=9668]
  0x000001d53161c6e0 WatcherThread "VM Periodic Task Thread" [stack: 0x000000a278900000,0x000000a278a00000] [id=10500]
  0x000001d51ac5cc10 WorkerThread "GC Thread#0" [stack: 0x000000a277500000,0x000000a277600000] [id=5092]
  0x000001d531734070 WorkerThread "GC Thread#1" [stack: 0x000000a278a00000,0x000000a278b00000] [id=1484]
  0x000001d531774ed0 WorkerThread "GC Thread#2" [stack: 0x000000a278b00000,0x000000a278c00000] [id=5684]
  0x000001d531775170 WorkerThread "GC Thread#3" [stack: 0x000000a278c00000,0x000000a278d00000] [id=948]
  0x000001d51ac6b520 ConcurrentGCThread "G1 Main Marker" [stack: 0x000000a277600000,0x000000a277700000] [id=14956]
  0x000001d51ac6c6b0 WorkerThread "G1 Conc#0" [stack: 0x000000a277700000,0x000000a277800000] [id=10452]
  0x000001d51aca0b00 ConcurrentGCThread "G1 Refine#0" [stack: 0x000000a277800000,0x000000a277900000] [id=14820]
  0x000001d5311da3b0 ConcurrentGCThread "G1 Refine#1" [stack: 0x000000a278d00000,0x000000a278e00000] [id=12252]
  0x000001d51aca1410 ConcurrentGCThread "G1 Service" [stack: 0x000000a277900000,0x000000a277a00000] [id=12992]

Threads with active compile tasks:
C1 CompilerThread0     6477 3129   !   1       org.springframework.core.annotation.AttributeMethods::isValid (47 bytes)
C1 CompilerThread2     6477 3128   !   1       org.springframework.beans.factory.support.AbstractBeanFactory::doGetBean (714 bytes)

VM state: not at safepoint (normal execution)

VM Mutex/Monitor currently owned by a thread: None

Heap address: 0x00000000a3200000, size: 1486 MB, Compressed Oops mode: 32-bit

CDS archive(s) mapped at: [0x0000000800000000-0x0000000800ba0000-0x0000000800ba0000), size 12189696, SharedBaseAddress: 0x0000000800000000, ArchiveRelocationMode: 0.
Compressed class space mapped at: 0x0000000800c00000-0x0000000840c00000, reserved size: 1073741824
Narrow klass base: 0x0000000800000000, Narrow klass shift: 0, Narrow klass range: 0x100000000

GC Precious Log:
 CardTable entry size: 512
 Card Set container configuration: InlinePtr #cards 5 size 8 Array Of Cards #cards 12 size 40 Howl #buckets 4 coarsen threshold 1843 Howl Bitmap #cards 512 size 80 coarsen threshold 460 Card regions per heap region 1 cards per card region 2048
 CPUs: 4 total, 4 available
 Memory: 5941M
 Large Page Support: Disabled
 NUMA Support: Disabled
 Compressed Oops: Enabled (32-bit)
 Heap Region Size: 1M
 Heap Min Capacity: 8M
 Heap Initial Capacity: 94M
 Heap Max Capacity: 1486M
 Pre-touch: Disabled
 Parallel Workers: 4
 Concurrent Workers: 1
 Concurrent Refinement Workers: 4
 Periodic GC: Disabled

Heap:
 garbage-first heap   total 51200K, used 14807K [0x00000000a3200000, 0x0000000100000000)
  region size 1024K, 3 young (3072K), 1 survivors (1024K)
 Metaspace       used 21327K, committed 21696K, reserved 1114112K
  class space    used 2834K, committed 3008K, reserved 1048576K

Heap Regions: E=young(eden), S=young(survivor), O=old, HS=humongous(starts), HC=humongous(continues), CS=collection set, F=free, OA=open archive, CA=closed archive, TAMS=top-at-mark-start (previous, next)
|   0|0x00000000a3200000, 0x00000000a3300000, 0x00000000a3300000|100%|HS|  |TAMS 0x00000000a3300000, 0x00000000a3200000| Complete 
|   1|0x00000000a3300000, 0x00000000a3400000, 0x00000000a3400000|100%| O|  |TAMS 0x00000000a3400000, 0x00000000a3300000| Untracked 
|   2|0x00000000a3400000, 0x00000000a3500000, 0x00000000a3500000|100%| O|  |TAMS 0x00000000a3500000, 0x00000000a3400000| Untracked 
|   3|0x00000000a3500000, 0x00000000a3600000, 0x00000000a3600000|100%| O|  |TAMS 0x00000000a3600000, 0x00000000a3500000| Untracked 
|   4|0x00000000a3600000, 0x00000000a3700000, 0x00000000a3700000|100%| O|  |TAMS 0x00000000a3700000, 0x00000000a3600000| Untracked 
|   5|0x00000000a3700000, 0x00000000a3800000, 0x00000000a3800000|100%| O|  |TAMS 0x00000000a3800000, 0x00000000a3700000| Untracked 
|   6|0x00000000a3800000, 0x00000000a3900000, 0x00000000a3900000|100%| O|  |TAMS 0x00000000a38a5000, 0x00000000a3800000| Untracked 
|   7|0x00000000a3900000, 0x00000000a3a00000, 0x00000000a3a00000|100%| O|  |TAMS 0x00000000a3900000, 0x00000000a3900000| Untracked 
|   8|0x00000000a3a00000, 0x00000000a3b00000, 0x00000000a3b00000|100%| O|  |TAMS 0x00000000a3a00000, 0x00000000a3a00000| Untracked 
|   9|0x00000000a3b00000, 0x00000000a3c00000, 0x00000000a3c00000|100%| O|  |TAMS 0x00000000a3b00000, 0x00000000a3b00000| Untracked 
|  10|0x00000000a3c00000, 0x00000000a3d00000, 0x00000000a3d00000|100%| O|  |TAMS 0x00000000a3c00000, 0x00000000a3c00000| Untracked 
|  11|0x00000000a3d00000, 0x00000000a3e00000, 0x00000000a3e00000|100%| O|  |TAMS 0x00000000a3d00000, 0x00000000a3d00000| Untracked 
|  12|0x00000000a3e00000, 0x00000000a3e7fa00, 0x00000000a3f00000| 49%| O|  |TAMS 0x00000000a3e00000, 0x00000000a3e00000| Untracked 
|  13|0x00000000a3f00000, 0x00000000a3f00000, 0x00000000a4000000|  0%| F|  |TAMS 0x00000000a3f00000, 0x00000000a3f00000| Untracked 
|  14|0x00000000a4000000, 0x00000000a4000000, 0x00000000a4100000|  0%| F|  |TAMS 0x00000000a4000000, 0x00000000a4000000| Untracked 
|  15|0x00000000a4100000, 0x00000000a4100000, 0x00000000a4200000|  0%| F|  |TAMS 0x00000000a4100000, 0x00000000a4100000| Untracked 
|  16|0x00000000a4200000, 0x00000000a4200000, 0x00000000a4300000|  0%| F|  |TAMS 0x00000000a4200000, 0x00000000a4200000| Untracked 
|  17|0x00000000a4300000, 0x00000000a4300000, 0x00000000a4400000|  0%| F|  |TAMS 0x00000000a4300000, 0x00000000a4300000| Untracked 
|  18|0x00000000a4400000, 0x00000000a4400000, 0x00000000a4500000|  0%| F|  |TAMS 0x00000000a4400000, 0x00000000a4400000| Untracked 
|  19|0x00000000a4500000, 0x00000000a4500000, 0x00000000a4600000|  0%| F|  |TAMS 0x00000000a4500000, 0x00000000a4500000| Untracked 
|  20|0x00000000a4600000, 0x00000000a4600000, 0x00000000a4700000|  0%| F|  |TAMS 0x00000000a4600000, 0x00000000a4600000| Untracked 
|  21|0x00000000a4700000, 0x00000000a4700000, 0x00000000a4800000|  0%| F|  |TAMS 0x00000000a4700000, 0x00000000a4700000| Untracked 
|  22|0x00000000a4800000, 0x00000000a4800000, 0x00000000a4900000|  0%| F|  |TAMS 0x00000000a4800000, 0x00000000a4800000| Untracked 
|  23|0x00000000a4900000, 0x00000000a4900000, 0x00000000a4a00000|  0%| F|  |TAMS 0x00000000a4900000, 0x00000000a4900000| Untracked 
|  24|0x00000000a4a00000, 0x00000000a4a00000, 0x00000000a4b00000|  0%| F|  |TAMS 0x00000000a4a00000, 0x00000000a4a00000| Untracked 
|  25|0x00000000a4b00000, 0x00000000a4b00000, 0x00000000a4c00000|  0%| F|  |TAMS 0x00000000a4b00000, 0x00000000a4b00000| Untracked 
|  26|0x00000000a4c00000, 0x00000000a4c00000, 0x00000000a4d00000|  0%| F|  |TAMS 0x00000000a4c00000, 0x00000000a4c00000| Untracked 
|  27|0x00000000a4d00000, 0x00000000a4d00000, 0x00000000a4e00000|  0%| F|  |TAMS 0x00000000a4d00000, 0x00000000a4d00000| Untracked 
|  28|0x00000000a4e00000, 0x00000000a4e00000, 0x00000000a4f00000|  0%| F|  |TAMS 0x00000000a4e00000, 0x00000000a4e00000| Untracked 
|  29|0x00000000a4f00000, 0x00000000a4f00000, 0x00000000a5000000|  0%| F|  |TAMS 0x00000000a4f00000, 0x00000000a4f00000| Untracked 
|  30|0x00000000a5000000, 0x00000000a5000000, 0x00000000a5100000|  0%| F|  |TAMS 0x00000000a5000000, 0x00000000a5000000| Untracked 
|  31|0x00000000a5100000, 0x00000000a5100000, 0x00000000a5200000|  0%| F|  |TAMS 0x00000000a5100000, 0x00000000a5100000| Untracked 
|  32|0x00000000a5200000, 0x00000000a5200000, 0x00000000a5300000|  0%| F|  |TAMS 0x00000000a5200000, 0x00000000a5200000| Untracked 
|  33|0x00000000a5300000, 0x00000000a5300000, 0x00000000a5400000|  0%| F|  |TAMS 0x00000000a5300000, 0x00000000a5300000| Untracked 
|  34|0x00000000a5400000, 0x00000000a5400000, 0x00000000a5500000|  0%| F|  |TAMS 0x00000000a5400000, 0x00000000a5400000| Untracked 
|  35|0x00000000a5500000, 0x00000000a5500000, 0x00000000a5600000|  0%| F|  |TAMS 0x00000000a5500000, 0x00000000a5500000| Untracked 
|  36|0x00000000a5600000, 0x00000000a5600000, 0x00000000a5700000|  0%| F|  |TAMS 0x00000000a5600000, 0x00000000a5600000| Untracked 
|  37|0x00000000a5700000, 0x00000000a5700000, 0x00000000a5800000|  0%| F|  |TAMS 0x00000000a5700000, 0x00000000a5700000| Untracked 
|  38|0x00000000a5800000, 0x00000000a5800000, 0x00000000a5900000|  0%| F|  |TAMS 0x00000000a5800000, 0x00000000a5800000| Untracked 
|  39|0x00000000a5900000, 0x00000000a5900000, 0x00000000a5a00000|  0%| F|  |TAMS 0x00000000a5900000, 0x00000000a5900000| Untracked 
|  40|0x00000000a5a00000, 0x00000000a5a00000, 0x00000000a5b00000|  0%| F|  |TAMS 0x00000000a5a00000, 0x00000000a5a00000| Untracked 
|  41|0x00000000a5b00000, 0x00000000a5b00000, 0x00000000a5c00000|  0%| F|  |TAMS 0x00000000a5b00000, 0x00000000a5b00000| Untracked 
|  42|0x00000000a5c00000, 0x00000000a5c00000, 0x00000000a5d00000|  0%| F|  |TAMS 0x00000000a5c00000, 0x00000000a5c00000| Untracked 
|  43|0x00000000a5d00000, 0x00000000a5d00000, 0x00000000a5e00000|  0%| F|  |TAMS 0x00000000a5d00000, 0x00000000a5d00000| Untracked 
|  44|0x00000000a5e00000, 0x00000000a5e00000, 0x00000000a5f00000|  0%| F|  |TAMS 0x00000000a5e00000, 0x00000000a5e00000| Untracked 
|  45|0x00000000a5f00000, 0x00000000a5f00000, 0x00000000a6000000|  0%| F|  |TAMS 0x00000000a5f00000, 0x00000000a5f00000| Untracked 
|  46|0x00000000a6000000, 0x00000000a6000000, 0x00000000a6100000|  0%| F|  |TAMS 0x00000000a6000000, 0x00000000a6000000| Untracked 
|  47|0x00000000a6100000, 0x00000000a6200000, 0x00000000a6200000|100%| E|  |TAMS 0x00000000a6100000, 0x00000000a6100000| Complete 
|  91|0x00000000a8d00000, 0x00000000a8df63c0, 0x00000000a8e00000| 96%| S|CS|TAMS 0x00000000a8d00000, 0x00000000a8d00000| Complete 
|  93|0x00000000a8f00000, 0x00000000a9000000, 0x00000000a9000000|100%| E|CS|TAMS 0x00000000a8f00000, 0x00000000a8f00000| Complete 

Card table byte_map: [0x000001d5274d0000,0x000001d5277c0000] _byte_map_base: 0x000001d526fb7000

Marking Bits (Prev, Next): (CMBitMap*) 0x000001d51ac5e260, (CMBitMap*) 0x000001d51ac5e220
 Prev Bits: [0x000001d5291f0000, 0x000001d52a928000)
 Next Bits: [0x000001d527ab0000, 0x000001d5291e8000)

Polling page: 0x000001d51acd0000

Metaspace:

Usage:
  Non-class:     18.06 MB used.
      Class:      2.77 MB used.
       Both:     20.83 MB used.

Virtual space:
  Non-class space:       64.00 MB reserved,      18.25 MB ( 29%) committed,  1 nodes.
      Class space:        1.00 GB reserved,       2.94 MB ( <1%) committed,  1 nodes.
             Both:        1.06 GB reserved,      21.19 MB (  2%) committed. 

Chunk freelists:
   Non-Class:  1.09 MB
       Class:  1.10 MB
        Both:  2.19 MB

MaxMetaspaceSize: unlimited
CompressedClassSpaceSize: 1.00 GB
Initial GC threshold: 21.00 MB
Current GC threshold: 35.25 MB
CDS: on
MetaspaceReclaimPolicy: balanced
 - commit_granule_bytes: 65536.
 - commit_granule_words: 8192.
 - virtual_space_node_default_size: 8388608.
 - enlarge_chunks_in_place: 1.
 - new_chunks_are_fully_committed: 0.
 - uncommit_free_chunks: 1.
 - use_allocation_guard: 0.


Internal statistics:

num_allocs_failed_limit: 3.
num_arena_births: 360.
num_arena_deaths: 0.
num_vsnodes_births: 2.
num_vsnodes_deaths: 0.
num_space_committed: 339.
num_space_uncommitted: 0.
num_chunks_returned_to_freelist: 3.
num_chunks_taken_from_freelist: 1013.
num_chunk_merges: 3.
num_chunk_splits: 711.
num_chunks_enlarged: 541.
num_inconsistent_stats: 0.

CodeCache: size=49152Kb used=7098Kb max_used=7098Kb free=42053Kb
 bounds [0x000001d523d30000, 0x000001d524420000, 0x000001d526d30000]
 total_blobs=3628 nmethods=3140 adapters=414
 compilation: enabled
              stopped_count=0, restarted_count=0
 full_count=0

Compilation events (20 events):
Event: 6.339 Thread 0x000001d52ceee420 3120       1       java.util.Collections$SingletonSet::size (2 bytes)
Event: 6.339 Thread 0x000001d52ceee420 nmethod 3120 0x000001d524416390 code [0x000001d524416520, 0x000001d5244165f8]
Event: 6.340 Thread 0x000001d52cfae2d0 3121       1       org.springframework.beans.factory.support.DefaultListableBeanFactory::isAllowEagerClassLoading (5 bytes)
Event: 6.340 Thread 0x000001d52cfae2d0 nmethod 3121 0x000001d524416690 code [0x000001d524416820, 0x000001d5244168f8]
Event: 6.340 Thread 0x000001d52ceee420 3122       1       org.springframework.util.ObjectUtils::arrayEquals (272 bytes)
Event: 6.341 Thread 0x000001d52ceee420 nmethod 3122 0x000001d524416990 code [0x000001d524416c40, 0x000001d524417928]
Event: 6.360 Thread 0x000001d52cfae2d0 3123   !   1       java.util.concurrent.CopyOnWriteArrayList::add (46 bytes)
Event: 6.361 Thread 0x000001d52cfae2d0 nmethod 3123 0x000001d524417c10 code [0x000001d524417dc0, 0x000001d524418128]
Event: 6.366 Thread 0x000001d52ceee420 3124       1       org.springframework.util.ClassUtils::getShortName (52 bytes)
Event: 6.367 Thread 0x000001d52ceee420 nmethod 3124 0x000001d524418390 code [0x000001d524418580, 0x000001d524418878]
Event: 6.367 Thread 0x000001d52ceee420 3125   !   1       org.springframework.core.ResolvableType::getSuperType (53 bytes)
Event: 6.367 Thread 0x000001d52cfae2d0 3126       1       java.lang.Class::getGenericSuperclass (28 bytes)
Event: 6.368 Thread 0x000001d52cfae2d0 nmethod 3126 0x000001d524418b10 code [0x000001d524418d00, 0x000001d524419078]
Event: 6.368 Thread 0x000001d52ceee420 nmethod 3125 0x000001d524419290 code [0x000001d5244194a0, 0x000001d524419a58]
Event: 6.373 Thread 0x000001d52cfadbc0 3127       1       org.springframework.beans.factory.support.AbstractBeanDefinition::getBeanClass (51 bytes)
Event: 6.374 Thread 0x000001d52cfadbc0 nmethod 3127 0x000001d524419e90 code [0x000001d52441a060, 0x000001d52441a328]
Event: 6.375 Thread 0x000001d52cfae2d0 3128   !   1       org.springframework.beans.factory.support.AbstractBeanFactory::doGetBean (714 bytes)
Event: 6.376 Thread 0x000001d52ceee420 3129   !   1       org.springframework.core.annotation.AttributeMethods::isValid (47 bytes)
Event: 6.376 Thread 0x000001d52cfadbc0 3130       1       org.springframework.core.annotation.RepeatableContainers::findRepeatedAnnotations (18 bytes)
Event: 6.376 Thread 0x000001d52cfadbc0 nmethod 3130 0x000001d52441a490 code [0x000001d52441a640, 0x000001d52441a768]

GC Heap History (10 events):
Event: 1.104 GC heap before
{Heap before GC invocations=0 (full 0):
 garbage-first heap   total 96256K, used 13312K [0x00000000a3200000, 0x0000000100000000)
  region size 1024K, 13 young (13312K), 0 survivors (0K)
 Metaspace       used 5214K, committed 5312K, reserved 1114112K
  class space    used 600K, committed 640K, reserved 1048576K
}
Event: 1.117 GC heap after
{Heap after GC invocations=1 (full 0):
 garbage-first heap   total 96256K, used 6728K [0x00000000a3200000, 0x0000000100000000)
  region size 1024K, 2 young (2048K), 2 survivors (2048K)
 Metaspace       used 5214K, committed 5312K, reserved 1114112K
  class space    used 600K, committed 640K, reserved 1048576K
}
Event: 1.508 GC heap before
{Heap before GC invocations=1 (full 0):
 garbage-first heap   total 96256K, used 14920K [0x00000000a3200000, 0x0000000100000000)
  region size 1024K, 10 young (10240K), 2 survivors (2048K)
 Metaspace       used 7622K, committed 7936K, reserved 1114112K
  class space    used 940K, committed 1088K, reserved 1048576K
}
Event: 1.517 GC heap after
{Heap after GC invocations=2 (full 0):
 garbage-first heap   total 96256K, used 7638K [0x00000000a3200000, 0x0000000100000000)
  region size 1024K, 1 young (1024K), 1 survivors (1024K)
 Metaspace       used 7622K, committed 7936K, reserved 1114112K
  class space    used 940K, committed 1088K, reserved 1048576K
}
Event: 2.502 GC heap before
{Heap before GC invocations=2 (full 0):
 garbage-first heap   total 96256K, used 31190K [0x00000000a3200000, 0x0000000100000000)
  region size 1024K, 25 young (25600K), 1 survivors (1024K)
 Metaspace       used 12850K, committed 13184K, reserved 1114112K
  class space    used 1665K, committed 1792K, reserved 1048576K
}
Event: 2.508 GC heap after
{Heap after GC invocations=3 (full 0):
 garbage-first heap   total 96256K, used 9197K [0x00000000a3200000, 0x0000000100000000)
  region size 1024K, 3 young (3072K), 3 survivors (3072K)
 Metaspace       used 12850K, committed 13184K, reserved 1114112K
  class space    used 1665K, committed 1792K, reserved 1048576K
}
Event: 6.242 GC heap before
{Heap before GC invocations=3 (full 0):
 garbage-first heap   total 96256K, used 62445K [0x00000000a3200000, 0x0000000100000000)
  region size 1024K, 56 young (57344K), 3 survivors (3072K)
 Metaspace       used 21121K, committed 21440K, reserved 1114112K
  class space    used 2792K, committed 2944K, reserved 1048576K
}
Event: 6.256 GC heap after
{Heap after GC invocations=4 (full 0):
 garbage-first heap   total 96256K, used 12889K [0x00000000a3200000, 0x0000000100000000)
  region size 1024K, 6 young (6144K), 6 survivors (6144K)
 Metaspace       used 21121K, committed 21440K, reserved 1114112K
  class space    used 2792K, committed 2944K, reserved 1048576K
}
Event: 6.342 GC heap before
{Heap before GC invocations=4 (full 0):
 garbage-first heap   total 96256K, used 13913K [0x00000000a3200000, 0x0000000100000000)
  region size 1024K, 8 young (8192K), 6 survivors (6144K)
 Metaspace       used 21219K, committed 21504K, reserved 1114112K
  class space    used 2809K, committed 2944K, reserved 1048576K
}
Event: 6.355 GC heap after
{Heap after GC invocations=5 (full 0):
 garbage-first heap   total 96256K, used 13783K [0x00000000a3200000, 0x0000000100000000)
  region size 1024K, 1 young (1024K), 1 survivors (1024K)
 Metaspace       used 21219K, committed 21504K, reserved 1114112K
  class space    used 2809K, committed 2944K, reserved 1048576K
}

Deoptimization events (2 events):
Event: 2.644 Thread 0x000001d531ab99a0 DEOPT PACKING pc=0x000001d524263919 sp=0x000000a2791fce60
Event: 2.644 Thread 0x000001d531ab99a0 DEOPT UNPACKING pc=0x000001d523d82b24 sp=0x000000a2791fc340 mode 3

Classes loaded (20 events):
Event: 5.902 Loading class java/lang/ClassFormatError done
Event: 5.903 Loading class java/lang/UnsupportedClassVersionError done
Event: 6.094 Loading class java/util/Collections$UnmodifiableMap$UnmodifiableEntrySet
Event: 6.095 Loading class java/util/Collections$UnmodifiableMap$UnmodifiableEntrySet done
Event: 6.095 Loading class java/util/Collections$UnmodifiableMap$UnmodifiableEntrySet$1
Event: 6.095 Loading class java/util/Collections$UnmodifiableMap$UnmodifiableEntrySet$1 done
Event: 6.096 Loading class java/util/Collections$UnmodifiableMap$UnmodifiableEntrySet$UnmodifiableEntry
Event: 6.096 Loading class java/util/Collections$UnmodifiableMap$UnmodifiableEntrySet$UnmodifiableEntry done
Event: 6.168 Loading class java/util/stream/Streams$ConcatSpliterator$OfRef
Event: 6.188 Loading class java/util/stream/Streams$ConcatSpliterator
Event: 6.189 Loading class java/util/stream/Streams$ConcatSpliterator done
Event: 6.189 Loading class java/util/stream/Streams$ConcatSpliterator$OfRef done
Event: 6.189 Loading class java/util/stream/Streams$2
Event: 6.189 Loading class java/util/stream/Streams$2 done
Event: 6.215 Loading class java/util/stream/ReferencePipeline$15
Event: 6.219 Loading class java/util/stream/ReferencePipeline$15 done
Event: 6.220 Loading class java/util/stream/ReferencePipeline$15$1
Event: 6.220 Loading class java/util/stream/ReferencePipeline$15$1 done
Event: 6.259 Loading class sun/reflect/generics/tree/BooleanSignature
Event: 6.259 Loading class sun/reflect/generics/tree/BooleanSignature done

Classes unloaded (0 events):
No events

Classes redefined (0 events):
No events

Internal exceptions (20 events):
Event: 2.262 Thread 0x000001d531ab99a0 Exception <a 'java/lang/NoSuchMethodError'{0x00000000a7f499b8}: 'void java.lang.invoke.DirectMethodHandle$Holder.invokeStatic(java.lang.Object, java.lang.Object, int)'> (0x00000000a7f499b8) 
thrown [s\open\src\hotspot\share\interpreter\linkResolver.cpp, line 759]
Event: 2.265 Thread 0x000001d531ab99a0 Exception <a 'java/lang/NoSuchMethodError'{0x00000000a7f517c0}: 'void java.lang.invoke.DirectMethodHandle$Holder.invokeStaticInit(java.lang.Object, java.lang.Object)'> (0x00000000a7f517c0) 
thrown [s\open\src\hotspot\share\interpreter\linkResolver.cpp, line 759]
Event: 2.269 Thread 0x000001d531ab99a0 Exception <a 'java/lang/NoSuchMethodError'{0x00000000a7f5ece8}: 'void java.lang.invoke.DirectMethodHandle$Holder.invokeStaticInit(java.lang.Object, java.lang.Object, java.lang.Object)'> (0x00000000a7f5ece8) 
thrown [s\open\src\hotspot\share\interpreter\linkResolver.cpp, line 759]
Event: 2.277 Thread 0x000001d531ab99a0 Exception <a 'java/lang/NoSuchMethodError'{0x00000000a7f9af88}: 'java.lang.Object java.lang.invoke.DirectMethodHandle$Holder.invokeStatic(java.lang.Object, java.lang.Object, long, java.lang.Object)'> (0x00000000a7f9af88) 
thrown [s\open\src\hotspot\share\interpreter\linkResolver.cpp, line 759]
Event: 2.278 Thread 0x000001d531ab99a0 Exception <a 'java/lang/NoSuchMethodError'{0x00000000a7f9ea18}: 'java.lang.Object java.lang.invoke.DirectMethodHandle$Holder.invokeStaticInit(java.lang.Object, java.lang.Object, long, java.lang.Object)'> (0x00000000a7f9ea18) 
thrown [s\open\src\hotspot\share\interpreter\linkResolver.cpp, line 759]
Event: 2.278 Thread 0x000001d531ab99a0 Exception <a 'java/lang/NoSuchMethodError'{0x00000000a7fa5040}: 'java.lang.Object java.lang.invoke.DirectMethodHandle$Holder.newInvokeSpecial(java.lang.Object, java.lang.Object, long)'> (0x00000000a7fa5040) 
thrown [s\open\src\hotspot\share\interpreter\linkResolver.cpp, line 759]
Event: 2.295 Thread 0x000001d531ab99a0 Exception <a 'java/lang/NoSuchMethodError'{0x00000000a7fe8f08}: 'void java.lang.invoke.DirectMethodHandle$Holder.invokeVirtual(java.lang.Object, java.lang.Object, java.lang.Object, java.lang.Object)'> (0x00000000a7fe8f08) 
thrown [s\open\src\hotspot\share\interpreter\linkResolver.cpp, line 759]
Event: 2.363 Thread 0x000001d531ab99a0 Exception <a 'java/lang/NoSuchMethodError'{0x00000000a7d33158}: 'void java.lang.invoke.DirectMethodHandle$Holder.invokeSpecial(java.lang.Object, java.lang.Object, java.lang.Object, java.lang.Object, java.lang.Object)'> (0x00000000a7d33158) 
thrown [s\open\src\hotspot\share\interpreter\linkResolver.cpp, line 759]
Event: 2.375 Thread 0x000001d531ab99a0 Exception <a 'java/lang/IncompatibleClassChangeError'{0x00000000a7d781d8}: Found class java.lang.Object, but interface was expected> (0x00000000a7d781d8) 
thrown [s\open\src\hotspot\share\interpreter\linkResolver.cpp, line 826]
Event: 2.377 Thread 0x000001d531b94750 Exception <a 'java/lang/NoClassDefFoundError'{0x00000000a7d955a0}: jakarta/validation/Validation> (0x00000000a7d955a0) 
thrown [s\open\src\hotspot\share\classfile\systemDictionary.cpp, line 244]
Event: 2.574 Thread 0x000001d531ab99a0 Exception <a 'java/lang/NoSuchMethodError'{0x00000000a8dd23c0}: 'int java.lang.invoke.Invokers$Holder.invokeExact_MT(java.lang.Object, java.lang.Object)'> (0x00000000a8dd23c0) 
thrown [s\open\src\hotspot\share\interpreter\linkResolver.cpp, line 759]
Event: 2.837 Thread 0x000001d531ab99a0 Exception <a 'java/lang/NoSuchMethodError'{0x00000000a805e900}: 'int java.lang.invoke.DirectMethodHandle$Holder.invokeSpecial(java.lang.Object, java.lang.Object, java.lang.Object, java.lang.Object, java.lang.Object)'> (0x00000000a805e900) 
thrown [s\open\src\hotspot\share\interpreter\linkResolver.cpp, line 759]
Event: 2.840 Thread 0x000001d531ab99a0 Exception <a 'java/lang/NoSuchMethodError'{0x00000000a80674d8}: 'void java.lang.invoke.DirectMethodHandle$Holder.invokeVirtual(java.lang.Object, java.lang.Object)'> (0x00000000a80674d8) 
thrown [s\open\src\hotspot\share\interpreter\linkResolver.cpp, line 759]
Event: 2.915 Thread 0x000001d531b94750 Exception <a 'java/lang/NoSuchMethodError'{0x00000000a7dc1c30}: 'long java.lang.invoke.DirectMethodHandle$Holder.invokeStatic(java.lang.Object, java.lang.Object)'> (0x00000000a7dc1c30) 
thrown [s\open\src\hotspot\share\interpreter\linkResolver.cpp, line 759]
Event: 2.915 Thread 0x000001d531b94750 Exception <a 'java/lang/NoSuchMethodError'{0x00000000a7dc5228}: 'long java.lang.invoke.DirectMethodHandle$Holder.invokeStaticInit(java.lang.Object, java.lang.Object)'> (0x00000000a7dc5228) 
thrown [s\open\src\hotspot\share\interpreter\linkResolver.cpp, line 759]
Event: 2.919 Thread 0x000001d531b94750 Exception <a 'java/lang/NoSuchMethodError'{0x00000000a7c05a98}: 'long java.lang.invoke.DirectMethodHandle$Holder.invokeInterface(java.lang.Object, java.lang.Object)'> (0x00000000a7c05a98) 
thrown [s\open\src\hotspot\share\interpreter\linkResolver.cpp, line 759]
Event: 2.919 Thread 0x000001d531b94750 Exception <a 'java/lang/IncompatibleClassChangeError'{0x00000000a7c09020}: Found class java.lang.Object, but interface was expected> (0x00000000a7c09020) 
thrown [s\open\src\hotspot\share\interpreter\linkResolver.cpp, line 826]
Event: 2.945 Thread 0x000001d531b94750 Exception <a 'java/lang/NoSuchMethodError'{0x00000000a7cdbd20}: 'java.lang.Object java.lang.invoke.DirectMethodHandle$Holder.invokeVirtual(java.lang.Object, java.lang.Object, java.lang.Object, java.lang.Object)'> (0x00000000a7cdbd20) 
thrown [s\open\src\hotspot\share\interpreter\linkResolver.cpp, line 759]
Event: 4.028 Thread 0x000001d531ab99a0 Exception <a 'java/lang/IncompatibleClassChangeError'{0x00000000a7385180}: Found class java.lang.Object, but interface was expected> (0x00000000a7385180) 
thrown [s\open\src\hotspot\share\interpreter\linkResolver.cpp, line 826]
Event: 4.132 Thread 0x000001d531ab99a0 Exception <a 'java/lang/NoSuchMethodError'{0x00000000a72c81d0}: 'void java.lang.invoke.DirectMethodHandle$Holder.invokeInterface(java.lang.Object, java.lang.Object, java.lang.Object, java.lang.Object)'> (0x00000000a72c81d0) 
thrown [s\open\src\hotspot\share\interpreter\linkResolver.cpp, line 759]

VM Operations (20 events):
Event: 6.076 Executing VM operation: HandshakeAllThreads
Event: 6.076 Executing VM operation: HandshakeAllThreads done
Event: 6.076 Executing VM operation: Cleanup
Event: 6.077 Executing VM operation: Cleanup done
Event: 6.077 Executing VM operation: HandshakeAllThreads
Event: 6.077 Executing VM operation: HandshakeAllThreads done
Event: 6.095 Executing VM operation: HandshakeAllThreads
Event: 6.095 Executing VM operation: HandshakeAllThreads done
Event: 6.098 Executing VM operation: HandshakeAllThreads
Event: 6.098 Executing VM operation: HandshakeAllThreads done
Event: 6.135 Executing VM operation: HandshakeAllThreads
Event: 6.136 Executing VM operation: HandshakeAllThreads done
Event: 6.234 Executing VM operation: HandshakeAllThreads
Event: 6.235 Executing VM operation: HandshakeAllThreads done
Event: 6.241 Executing VM operation: G1CollectForAllocation
Event: 6.256 Executing VM operation: G1CollectForAllocation done
Event: 6.342 Executing VM operation: CollectForMetadataAllocation
Event: 6.356 Executing VM operation: CollectForMetadataAllocation done
Event: 6.376 Executing VM operation: G1Concurrent
Event: 6.380 Executing VM operation: G1Concurrent done

Events (20 events):
Event: 2.408 Thread 0x000001d531b95a90 Thread added: 0x000001d531b95a90
Event: 2.418 Thread 0x000001d531b95a90 Thread exited: 0x000001d531b95a90
Event: 2.519 Loaded shared library C:\Program Files\Java\jdk-18.0.2.1\bin\verify.dll
Event: 2.920 Thread 0x000001d531b93410 Thread added: 0x000001d531b93410
Event: 2.930 Thread 0x000001d531b93410 Thread exited: 0x000001d531b93410
Event: 2.966 Thread 0x000001d531b94750 Thread exited: 0x000001d531b94750
Event: 3.235 Thread 0x000001d53249e8c0 Thread added: 0x000001d53249e8c0
Event: 3.432 Thread 0x000001d53249d0b0 Thread added: 0x000001d53249d0b0
Event: 3.439 Thread 0x000001d53249d0b0 Thread exited: 0x000001d53249d0b0
Event: 3.942 Thread 0x000001d53249d0b0 Thread added: 0x000001d53249d0b0
Event: 3.949 Thread 0x000001d53249d0b0 Thread exited: 0x000001d53249d0b0
Event: 3.985 Thread 0x000001d53249e8c0 Thread exited: 0x000001d53249e8c0
Event: 4.451 Thread 0x000001d53249d580 Thread added: 0x000001d53249d580
Event: 4.457 Thread 0x000001d53249d580 Thread exited: 0x000001d53249d580
Event: 4.960 Thread 0x000001d53249e8c0 Thread added: 0x000001d53249e8c0
Event: 4.965 Thread 0x000001d53249e8c0 Thread exited: 0x000001d53249e8c0
Event: 5.468 Thread 0x000001d5325ca620 Thread added: 0x000001d5325ca620
Event: 5.475 Thread 0x000001d5325ca620 Thread exited: 0x000001d5325ca620
Event: 5.979 Thread 0x000001d5326460a0 Thread added: 0x000001d5326460a0
Event: 5.986 Thread 0x000001d5326460a0 Thread exited: 0x000001d5326460a0


Dynamic libraries:
0x00007ff662fb0000 - 0x00007ff662fc0000 	C:\Program Files\Java\jdk-18.0.2.1\bin\java.exe
0x00007ffc8d930000 - 0x00007ffc8db28000 	C:\WINDOWS\SYSTEM32\ntdll.dll
0x00007ffc8cad0000 - 0x00007ffc8cb8f000 	C:\WINDOWS\System32\KERNEL32.DLL
0x00007ffc8b620000 - 0x00007ffc8b8f2000 	C:\WINDOWS\System32\KERNELBASE.dll
0x00007ffc8b210000 - 0x00007ffc8b310000 	C:\WINDOWS\System32\ucrtbase.dll
0x00007ffc6df90000 - 0x00007ffc6dfaa000 	C:\Program Files\Java\jdk-18.0.2.1\bin\VCRUNTIME140.dll
0x00007ffc721b0000 - 0x00007ffc721c8000 	C:\Program Files\Java\jdk-18.0.2.1\bin\jli.dll
0x00007ffc8c880000 - 0x00007ffc8c92e000 	C:\WINDOWS\System32\ADVAPI32.dll
0x00007ffc8bb20000 - 0x00007ffc8bbbe000 	C:\WINDOWS\System32\msvcrt.dll
0x00007ffc8ba20000 - 0x00007ffc8babc000 	C:\WINDOWS\System32\sechost.dll
0x00007ffc8c930000 - 0x00007ffc8ca55000 	C:\WINDOWS\System32\RPCRT4.dll
0x00007ffc8d3c0000 - 0x00007ffc8d55d000 	C:\WINDOWS\System32\USER32.dll
0x00007ffc80350000 - 0x00007ffc805ea000 	C:\WINDOWS\WinSxS\amd64_microsoft.windows.common-controls_6595b64144ccf1df_6.0.19041.1110_none_60b5254171f9507e\COMCTL32.dll
0x00007ffc8b4e0000 - 0x00007ffc8b502000 	C:\WINDOWS\System32\win32u.dll
0x00007ffc8c310000 - 0x00007ffc8c33b000 	C:\WINDOWS\System32\GDI32.dll
0x00007ffc8b510000 - 0x00007ffc8b61f000 	C:\WINDOWS\System32\gdi32full.dll
0x00007ffc8b310000 - 0x00007ffc8b3ad000 	C:\WINDOWS\System32\msvcp_win.dll
0x00007ffc817f0000 - 0x00007ffc817fa000 	C:\WINDOWS\SYSTEM32\VERSION.dll
0x00007ffc8b9e0000 - 0x00007ffc8ba12000 	C:\WINDOWS\System32\IMM32.DLL
0x00007ffc74210000 - 0x00007ffc7421c000 	C:\Program Files\Java\jdk-18.0.2.1\bin\vcruntime140_1.dll
0x00007ffc59200000 - 0x00007ffc5928d000 	C:\Program Files\Java\jdk-18.0.2.1\bin\msvcp140.dll
0x00007ffc55840000 - 0x00007ffc56451000 	C:\Program Files\Java\jdk-18.0.2.1\bin\server\jvm.dll
0x00007ffc8b9b0000 - 0x00007ffc8b9b8000 	C:\WINDOWS\System32\PSAPI.DLL
0x00007ffc86e40000 - 0x00007ffc86e49000 	C:\WINDOWS\SYSTEM32\WSOCK32.dll
0x00007ffc8d280000 - 0x00007ffc8d2eb000 	C:\WINDOWS\System32\WS2_32.dll
0x00007ffc80fb0000 - 0x00007ffc80fd7000 	C:\WINDOWS\SYSTEM32\WINMM.dll
0x00007ffc88ec0000 - 0x00007ffc88ed2000 	C:\WINDOWS\SYSTEM32\kernel.appcore.dll
0x00007ffc740b0000 - 0x00007ffc740ba000 	C:\Program Files\Java\jdk-18.0.2.1\bin\jimage.dll
0x00007ffc7c920000 - 0x00007ffc7cb04000 	C:\WINDOWS\SYSTEM32\DBGHELP.DLL
0x00007ffc7c8f0000 - 0x00007ffc7c91c000 	C:\WINDOWS\SYSTEM32\dbgcore.DLL
0x00007ffc8b3b0000 - 0x00007ffc8b432000 	C:\WINDOWS\System32\bcryptPrimitives.dll
0x00007ffc86ea0000 - 0x00007ffc86eae000 	C:\Program Files\Java\jdk-18.0.2.1\bin\instrument.dll
0x00007ffc691a0000 - 0x00007ffc691c5000 	C:\Program Files\Java\jdk-18.0.2.1\bin\java.dll
0x00007ffc58de0000 - 0x00007ffc58eb6000 	C:\Program Files\Java\jdk-18.0.2.1\bin\jsvml.dll
0x00007ffc8bbc0000 - 0x00007ffc8c303000 	C:\WINDOWS\System32\SHELL32.dll
0x00007ffc890c0000 - 0x00007ffc89852000 	C:\WINDOWS\SYSTEM32\windows.storage.dll
0x00007ffc8d560000 - 0x00007ffc8d8b4000 	C:\WINDOWS\System32\combase.dll
0x00007ffc8aa60000 - 0x00007ffc8aa90000 	C:\WINDOWS\SYSTEM32\Wldp.dll
0x00007ffc8c5a0000 - 0x00007ffc8c64d000 	C:\WINDOWS\System32\SHCORE.dll
0x00007ffc8bac0000 - 0x00007ffc8bb15000 	C:\WINDOWS\System32\shlwapi.dll
0x00007ffc8af40000 - 0x00007ffc8af5f000 	C:\WINDOWS\SYSTEM32\profapi.dll
0x00007ffc66710000 - 0x00007ffc66728000 	C:\Program Files\Java\jdk-18.0.2.1\bin\zip.dll
0x00007ffc696a0000 - 0x00007ffc696b3000 	C:\Program Files\Java\jdk-18.0.2.1\bin\net.dll
0x00007ffc81aa0000 - 0x00007ffc81bac000 	C:\WINDOWS\SYSTEM32\WINHTTP.dll
0x00007ffc8a7c0000 - 0x00007ffc8a82a000 	C:\WINDOWS\system32\mswsock.dll
0x00007ffc67060000 - 0x00007ffc67076000 	C:\Program Files\Java\jdk-18.0.2.1\bin\nio.dll
0x00007ffc86e50000 - 0x00007ffc86e6a000 	C:\Program Files\JetBrains\IntelliJ IDEA 2022.2.3\bin\breakgen64.dll
0x00007ffc8a4b0000 - 0x00007ffc8a57a000 	C:\WINDOWS\SYSTEM32\DNSAPI.dll
0x00007ffc8a460000 - 0x00007ffc8a49b000 	C:\WINDOWS\SYSTEM32\IPHLPAPI.DLL
0x00007ffc8c340000 - 0x00007ffc8c348000 	C:\WINDOWS\System32\NSI.dll
0x00007ffc807b0000 - 0x00007ffc807ba000 	C:\Windows\System32\rasadhlp.dll
0x00007ffc7ff80000 - 0x00007ffc80000000 	C:\WINDOWS\System32\fwpuclnt.dll
0x00007ffc8b440000 - 0x00007ffc8b467000 	C:\WINDOWS\System32\bcrypt.dll
0x00007ffc85420000 - 0x00007ffc85429000 	C:\Program Files\Java\jdk-18.0.2.1\bin\management.dll
0x00007ffc85190000 - 0x00007ffc8519b000 	C:\Program Files\Java\jdk-18.0.2.1\bin\management_ext.dll
0x00007ffc8a9b0000 - 0x00007ffc8a9c8000 	C:\WINDOWS\SYSTEM32\CRYPTSP.dll
0x00007ffc8a070000 - 0x00007ffc8a0a4000 	C:\WINDOWS\system32\rsaenh.dll
0x00007ffc8af00000 - 0x00007ffc8af2e000 	C:\WINDOWS\SYSTEM32\USERENV.dll
0x00007ffc8a9d0000 - 0x00007ffc8a9dc000 	C:\WINDOWS\SYSTEM32\CRYPTBASE.dll
0x00007ffc82a90000 - 0x00007ffc82aa7000 	C:\WINDOWS\SYSTEM32\dhcpcsvc6.DLL
0x00007ffc82f30000 - 0x00007ffc82f4d000 	C:\WINDOWS\SYSTEM32\dhcpcsvc.DLL
0x00007ffc74070000 - 0x00007ffc74087000 	C:\WINDOWS\system32\napinsp.dll
0x00007ffc74050000 - 0x00007ffc7406b000 	C:\WINDOWS\system32\pnrpnsp.dll
0x00007ffc85e80000 - 0x00007ffc85e95000 	C:\WINDOWS\system32\wshbth.dll
0x00007ffc86da0000 - 0x00007ffc86dbd000 	C:\WINDOWS\system32\NLAapi.dll
0x00007ffc74030000 - 0x00007ffc74042000 	C:\WINDOWS\System32\winrnr.dll
0x00007ffc753d0000 - 0x00007ffc753e0000 	C:\Program Files\Java\jdk-18.0.2.1\bin\verify.dll

dbghelp: loaded successfully - version: 4.0.5 - missing functions: none
symbol engine: initialized successfully - sym options: 0x614 - pdb path: .;C:\Program Files\Java\jdk-18.0.2.1\bin;C:\WINDOWS\SYSTEM32;C:\WINDOWS\WinSxS\amd64_microsoft.windows.common-controls_6595b64144ccf1df_6.0.19041.1110_none_60b5254171f9507e;C:\Program Files\Java\jdk-18.0.2.1\bin\server;C:\Program Files\JetBrains\IntelliJ IDEA 2022.2.3\bin

VM Arguments:
jvm_args: -XX:TieredStopAtLevel=1 -Dspring.output.ansi.enabled=always -Dcom.sun.management.jmxremote -Dspring.jmx.enabled=true -Dspring.liveBeansView.mbeanDomain -Dspring.application.admin.enabled=true -javaagent:C:\Program Files\JetBrains\IntelliJ IDEA 2022.2.3\lib\idea_rt.jar=65008:C:\Program Files\JetBrains\IntelliJ IDEA 2022.2.3\bin -Dfile.encoding=UTF-8 -Dsun.stdout.encoding=UTF-8 -Dsun.stderr.encoding=UTF-8 
java_command: com.AsisteciaControl.Asistencia.AsistenciaApplication
java_class_path (initial): C:\Users\Jesus\Desktop\Asistencia\target\classes;C:\Users\Jesus\.m2\repository\org\springframework\boot\spring-boot-starter-data-jpa\3.0.0\spring-boot-starter-data-jpa-3.0.0.jar;C:\Users\Jesus\.m2\repository\org\springframework\boot\spring-boot-starter-aop\3.0.0\spring-boot-starter-aop-3.0.0.jar;C:\Users\Jesus\.m2\repository\org\springframework\spring-aop\6.0.2\spring-aop-6.0.2.jar;C:\Users\Jesus\.m2\repository\org\aspectj\aspectjweaver\1.9.9.1\aspectjweaver-1.9.9.1.jar;C:\Users\Jesus\.m2\repository\org\springframework\boot\spring-boot-starter-jdbc\3.0.0\spring-boot-starter-jdbc-3.0.0.jar;C:\Users\Jesus\.m2\repository\com\zaxxer\HikariCP\5.0.1\HikariCP-5.0.1.jar;C:\Users\Jesus\.m2\repository\org\springframework\spring-jdbc\6.0.2\spring-jdbc-6.0.2.jar;C:\Users\Jesus\.m2\repository\org\hibernate\orm\hibernate-core\6.1.5.Final\hibernate-core-6.1.5.Final.jar;C:\Users\Jesus\.m2\repository\jakarta\persistence\jakarta.persistence-api\3.1.0\jakarta.persistence-api-3.1.0.jar;C:\Users\Jesus\.m2\repository\jakarta\transaction\jakarta.transaction-api\2.0.1\jakarta.transaction-api-2.0.1.jar;C:\Users\Jesus\.m2\repository\org\jboss\logging\jboss-logging\3.5.0.Final\jboss-logging-3.5.0.Final.jar;C:\Users\Jesus\.m2\repository\org\hibernate\common\hibernate-commons-annotations\6.0.2.Final\hibernate-commons-annotations-6.0.2.Final.jar;C:\Users\Jesus\.m2\repository\org\jboss\jandex\2.4.2.Final\jandex-2.4.2.Final.jar;C:\Users\Jesus\.m2\repository\com\fasterxml\classmate\1.5.1\classmate-1.5.1.jar;C:\Users\Jesus\.m2\repository\net\bytebuddy\byte-buddy\1.12.19\byte-buddy-1.12.19.jar;C:\Users\Jesus\.m2\repository\org\glassfish\jaxb\jaxb-runtime\4.0.1\jaxb-runtime-4.0.1.jar;C:\Users\Jesus\.m2\repository\org\glassfish\jaxb\jaxb-core\4.0.1\jaxb-core-4.0.1.jar;C:\Users\Jesus\.m2\repository\org\eclipse\angus\angus-activation\1.0.0\angus-activation-1.0.0.jar;C:\Users\Jesus\.m2\repository\org\glassfish\jaxb\txw2\4.0.1\txw2-4.0.1.jar;C:\Users\Jesus\.m2\repository\com\sun\istack\istack-commons-runtime\4.1.1\istack-commons-runtime-4.1.1.jar;C:\Users\Jesus\.m2\repository\jakarta\inject\jakarta.inject-api\2.0.0\jakarta.inject-api-2.0.0.jar;C:\Users\Jesus\.m2\repository\org\antlr\antlr4-runtime\4.10.1\antlr4-runtime-4.10.1.jar;C:\Users\Jesus\.m2\repository\org\springframework\data\spring-data-jpa\3.0.0\spring-data-jpa-3.0.0.jar;C:\Users\Jesus\.m2\repository\org\springframework\data\spring-data-commons\3.0.0\spring-data-commons-3.0.0.jar;C:\Users\Jesus\.m2\repository\org\springframework\spring-orm\6.0.2\spring-orm-6.0.2.jar;C:\Users\Jesus\.m2\repository\org\springframework\spring-context\6.0.2\spring-context-6.0.2.jar;C:\Users\Jesus\.m2\repository\org\springframework\spring-tx\6.0.2\spring-tx-6.0.2.jar;C:\Users\Jesus\.m2\repository\org\springframework\spring-beans\6.0.2\spring-beans-6.0.2.jar;C:\Users\Jesus\.m2\repository\jakarta\annotation\jakarta.annotation-api\2.1.1\jakarta.annotation-api-2.1.1.jar;C:\Users\Jesus\.m2\repository\org\slf4j\slf4j-api\2.0.4\slf4j-api-2.0.4.jar;C:\Users\Jesus\.m2\repository\org\springframework\spring-aspects\6.0.2\spring-aspects-6.0.2.jar;C:\Users\Jesus\.m2\repository\org\springframework\boot\spring-boot-starter-thymeleaf\3.0.0\spring-boot-starter-thymeleaf-3.0.0.jar;C:\Users\Jesus\.m2\repository\org\springframework\boot\spring-boot-starter\3.0.0\spring-boot-starter-3.0.0.jar;C:\Users\Jesus\.m2\repository\org\springframework\boot\spring-boot-starter-logging\3.0.0\spring-boot-starter-logging-3.0.0.jar;C:\Users\Jesus\.m2\repository\ch\qos\logback\logback-classic\1.4.5\logback-classic-1.4.5.jar;C:\Users\Jesus\.m2\repository\ch\qos\logback\logback-core\1.4.5\logback-core-1.4.5.jar;C:\Users\Jesus\.m2\repository\org\apache\logging\log4j\log4j-to-slf4j\2.19.0\log4j-to-slf4j-2.19.0.jar;C:\Users\Jesus\.m2\repository\org\apache\logging\log4j\log4j-api\2.19.0\log4j-api-2.19.0.jar;C:\Users\Jesus\.m2\repository\org\slf4j\jul-to-slf4j\2.0.4\jul-to-slf4j-2.0.4.jar;C:\Users\Jesus\.m2\repository\org\yaml\snakeyaml\1.33\snakeyaml-1.33.jar;C:\Users\Jesus\.m2\repository\org\thymeleaf\thymeleaf-spring6\3.1.0.RELEASE\thymeleaf-spring6-3.1.0.RELEASE.jar;C:\Users\Jesus\.m2\repository\org\thymeleaf\thymeleaf\3.1.0.RELEASE\thymeleaf-3.1.0.RELEASE.jar;C:\Users\Jesus\.m2\repository\org\attoparser\attoparser\2.0.6.RELEASE\attoparser-2.0.6.RELEASE.jar;C:\Users\Jesus\.m2\repository\org\unbescape\unbescape\1.1.6.RELEASE\unbescape-1.1.6.RELEASE.jar;C:\Users\Jesus\.m2\repository\org\springframework\boot\spring-boot-starter-web\3.0.0\spring-boot-starter-web-3.0.0.jar;C:\Users\Jesus\.m2\repository\org\springframework\boot\spring-boot-starter-json\3.0.0\spring-boot-starter-json-3.0.0.jar;C:\Users\Jesus\.m2\repository\com\fasterxml\jackson\core\jackson-databind\2.14.1\jackson-databind-2.14.1.jar;C:\Users\Jesus\.m2\repository\com\fasterxml\jackson\core\jackson-annotations\2.14.1\jackson-annotations-2.14.1.jar;C:\Users\Jesus\.m2\repository\com\fasterxml\jackson\core\jackson-core\2.14.1\jackson-core-2.14.1.jar;C:\Users\Jesus\.m2\repository\com\fasterxml\jackson\datatype\jackson-datatype-jdk8\2.14.1\jackson-datatype-jdk8-2.14.1.jar;C:\Users\Jesus\.m2\repository\com\fasterxml\jackson\datatype\jackson-datatype-jsr310\2.14.1\jackson-datatype-jsr310-2.14.1.jar;C:\Users\Jesus\.m2\repository\com\fasterxml\jackson\module\jackson-module-parameter-names\2.14.1\jackson-module-parameter-names-2.14.1.jar;C:\Users\Jesus\.m2\repository\org\springframework\boot\spring-boot-starter-tomcat\3.0.0\spring-boot-starter-tomcat-3.0.0.jar;C:\Users\Jesus\.m2\repository\org\apache\tomcat\embed\tomcat-embed-core\10.1.1\tomcat-embed-core-10.1.1.jar;C:\Users\Jesus\.m2\repository\org\apache\tomcat\embed\tomcat-embed-el\10.1.1\tomcat-embed-el-10.1.1.jar;C:\Users\Jesus\.m2\repository\org\apache\tomcat\embed\tomcat-embed-websocket\10.1.1\tomcat-embed-websocket-10.1.1.jar;C:\Users\Jesus\.m2\repository\org\springframework\spring-web\6.0.2\spring-web-6.0.2.jar;C:\Users\Jesus\.m2\repository\io\micrometer\micrometer-observation\1.10.2\micrometer-observation-1.10.2.jar;C:\Users\Jesus\.m2\repository\io\micrometer\micrometer-commons\1.10.2\micrometer-commons-1.10.2.jar;C:\Users\Jesus\.m2\repository\org\springframework\spring-webmvc\6.0.2\spring-webmvc-6.0.2.jar;C:\Users\Jesus\.m2\repository\org\springframework\spring-expression\6.0.2\spring-expression-6.0.2.jar;C:\Users\Jesus\.m2\repository\org\springframework\boot\spring-boot-devtools\3.0.0\spring-boot-devtools-3.0.0.jar;C:\Users\Jesus\.m2\repository\org\springframework\boot\spring-boot\3.0.0\spring-boot-3.0.0.jar;C:\Users\Jesus\.m2\repository\org\springframework\boot\spring-boot-autoconfigure\3.0.0\spring-boot-autoconfigure-3.0.0.jar;C:\Users\Jesus\.m2\repository\com\mysql\mysql-connector-j\8.0.31\mysql-connector-j-8.0.31.jar;C:\Users\Jesus\.m2\repository\jakarta\xml\bind\jakarta.xml.bind-api\4.0.0\jakarta.xml.bind-api-4.0.0.jar;C:\Users\Jesus\.m2\repository\jakarta\activation\jakarta.activation-api\2.1.0\jakarta.activation-api-2.1.0.jar;C:\Users\Jesus\.m2\repository\org\springframework\spring-core\6.0.2\spring-core-6.0.2.jar;C:\Users\Jesus\.m2\repository\org\springframework\spring-jcl\6.0.2\spring-jcl-6.0.2.jar
Launcher Type: SUN_STANDARD

[Global flags]
     intx CICompilerCount                          = 3                                         {product} {ergonomic}
     uint ConcGCThreads                            = 1                                         {product} {ergonomic}
     uint G1ConcRefinementThreads                  = 4                                         {product} {ergonomic}
   size_t G1HeapRegionSize                         = 1048576                                   {product} {ergonomic}
    uintx GCDrainStackTargetSize                   = 64                                        {product} {ergonomic}
   size_t InitialHeapSize                          = 98566144                                  {product} {ergonomic}
     bool ManagementServer                         = true                                      {product} {command line}
   size_t MarkStackSize                            = 4194304                                   {product} {ergonomic}
   size_t MaxHeapSize                              = 1558183936                                {product} {ergonomic}
   size_t MaxNewSize                               = 934281216                                 {product} {ergonomic}
   size_t MinHeapDeltaBytes                        = 1048576                                   {product} {ergonomic}
   size_t MinHeapSize                              = 8388608                                   {product} {ergonomic}
    uintx NonProfiledCodeHeapSize                  = 0                                      {pd product} {ergonomic}
     bool ProfileInterpreter                       = false                                  {pd product} {command line}
    uintx ProfiledCodeHeapSize                     = 0                                      {pd product} {ergonomic}
   size_t SoftMaxHeapSize                          = 1558183936                             {manageable} {ergonomic}
     intx TieredStopAtLevel                        = 1                                         {product} {command line}
     bool UseCompressedClassPointers               = true                           {product lp64_product} {ergonomic}
     bool UseCompressedOops                        = true                           {product lp64_product} {ergonomic}
     bool UseG1GC                                  = true                                      {product} {ergonomic}
     bool UseLargePagesIndividualAllocation        = false                                  {pd product} {ergonomic}

Logging:
Log output configuration:
 #0: stdout all=warning uptime,level,tags foldmultilines=false
 #1: stderr all=off uptime,level,tags foldmultilines=false

Environment Variables:
JAVA_HOME=C:\Program Files\Java\jdk-18.0.2.1
PATH=C:\Program Files\Microsoft\jdk-11.0.12.7-hotspot\bin;C:\Program Files\Common Files\Oracle\Java\javapath;C:\Program Files (x86)\Common Files\Oracle\Java\javapath;C:\WINDOWS\system32;C:\WINDOWS;C:\WINDOWS\System32\Wbem;C:\WINDOWS\System32\WindowsPowerShell\v1.0\;C:\WINDOWS\System32\OpenSSH\;C:\Program Files (x86)\dotnet\;C:\maven\bin;C:\Program Files\Java\jdk-18.0.2.1\bin;C:\Program Files\Microsoft SQL Server\150\Tools\Binn\;C:\Program Files\Microsoft SQL Server\Client SDK\ODBC\170\Tools\Binn\;C:\Program Files\dotnet\;C:\Program Files\MySQL\MySQL Shell 8.0\bin\;C:\Users\Jesus\AppData\Local\Microsoft\WindowsApps;C:\Users\Jesus\AppData\Local\Programs\Microsoft VS Code\bin;C:\Program Files\JetBrains\IntelliJ IDEA 2022.2.3\bin;;C:\Users\Jesus\.dotnet\tools
USERNAME=Jesus
OS=Windows_NT
PROCESSOR_IDENTIFIER=Intel64 Family 6 Model 37 Stepping 5, GenuineIntel



---------------  S Y S T E M  ---------------

OS:
 Windows 10 , 64 bit Build 19041 (10.0.19041.2251)
OS uptime: 3 days 19:50 hours

CPU: total 4 (initial active 4) (2 cores per cpu, 2 threads per core) family 6 model 37 stepping 5 microcode 0x7, cx8, cmov, fxsr, ht, mmx, sse, sse2, sse3, ssse3, sse4.1, sse4.2, popcnt, tsc, tscinvbit, clflush

Memory: 4k page, system-wide physical 5941M (732M free)
TotalPageFile size 7989M (AvailPageFile size 49M)
current process WorkingSet (physical memory assigned to process): 105M, peak: 144M
current process commit charge ("private bytes"): 157M, peak: 202M

vm_info: Java HotSpot(TM) 64-Bit Server VM (18.0.2.1+1-1) for windows-amd64 JRE (18.0.2.1+1-1), built on Aug 16 2022 01:46:33 by "mach5one" with MS VC++ 16.8 / 16.9 (VS2019)

END.
